<?xml version="1.0" encoding="UTF-8"?>
<robot generator="Robot 5.0 (Python 3.9.2 on win32)" generated="20220421 00:42:58.787" rpa="false" schemaversion="3">
<suite id="s1" name="Test-Form" source="D:\SDP-test\test-form.robot">
<test id="s1-t1" name="T0001 ทดลองใส่ตัวเลขอารบิก" line="24">
<kw name="Open Browser" library="Selenium2Library">
<arg>${url_form}</arg>
<arg>chrome</arg>
<doc>Opens a new browser instance to the optional ``url``.</doc>
<msg timestamp="20220421 00:42:59.374" level="INFO">Opening browser 'chrome' to base url 'http://localhost:3000/cart'.</msg>
<status status="PASS" starttime="20220421 00:42:59.373" endtime="20220421 00:43:02.776"/>
</kw>
<kw name="Sleep" library="BuiltIn">
<arg>3s</arg>
<doc>Pauses the test executed for the given time.</doc>
<msg timestamp="20220421 00:43:05.782" level="INFO">Slept 3 seconds</msg>
<status status="PASS" starttime="20220421 00:43:02.778" endtime="20220421 00:43:05.782"/>
</kw>
<kw name="Click Element" library="Selenium2Library">
<arg>${button_buy}</arg>
<doc>Click the element identified by ``locator``.</doc>
<msg timestamp="20220421 00:43:05.786" level="INFO">Clicking element '//*[@id="buy"]'.</msg>
<status status="PASS" starttime="20220421 00:43:05.784" endtime="20220421 00:43:05.905"/>
</kw>
<kw name="Sleep" library="BuiltIn">
<arg>3s</arg>
<doc>Pauses the test executed for the given time.</doc>
<msg timestamp="20220421 00:43:08.916" level="INFO">Slept 3 seconds</msg>
<status status="PASS" starttime="20220421 00:43:05.906" endtime="20220421 00:43:08.916"/>
</kw>
<kw name="Click Element" library="Selenium2Library">
<arg>${button_oncash}</arg>
<doc>Click the element identified by ``locator``.</doc>
<msg timestamp="20220421 00:43:08.918" level="INFO">Clicking element '//*[@id="oncash"]'.</msg>
<status status="PASS" starttime="20220421 00:43:08.917" endtime="20220421 00:43:09.163"/>
</kw>
<kw name="Sleep" library="BuiltIn">
<arg>3s</arg>
<doc>Pauses the test executed for the given time.</doc>
<msg timestamp="20220421 00:43:12.168" level="INFO">Slept 3 seconds</msg>
<status status="PASS" starttime="20220421 00:43:09.164" endtime="20220421 00:43:12.168"/>
</kw>
<kw name="Input Text" library="Selenium2Library">
<arg>${textbox_name}</arg>
<arg>วรภพ</arg>
<doc>Types the given ``text`` into the text field identified by ``locator``.</doc>
<msg timestamp="20220421 00:43:12.169" level="INFO">Typing text 'วรภพ' into text field '//*[@id="name"]'.</msg>
<status status="PASS" starttime="20220421 00:43:12.169" endtime="20220421 00:43:12.326"/>
</kw>
<kw name="Input Text" library="Selenium2Library">
<arg>${textbox_surname}</arg>
<arg>เกียรติคงแสง</arg>
<doc>Types the given ``text`` into the text field identified by ``locator``.</doc>
<msg timestamp="20220421 00:43:12.327" level="INFO">Typing text 'เกียรติคงแสง' into text field '//*[@id="surname"]'.</msg>
<status status="PASS" starttime="20220421 00:43:12.326" endtime="20220421 00:43:12.468"/>
</kw>
<kw name="Input Text" library="Selenium2Library">
<arg>${textbox_tel}</arg>
<arg>0856955429</arg>
<doc>Types the given ``text`` into the text field identified by ``locator``.</doc>
<msg timestamp="20220421 00:43:12.469" level="INFO">Typing text '0856955429' into text field '//*[@id="tel"]'.</msg>
<status status="PASS" starttime="20220421 00:43:12.468" endtime="20220421 00:43:12.585"/>
</kw>
<kw name="Input Text" library="Selenium2Library">
<arg>${textbox_addr}</arg>
<arg>dont know</arg>
<doc>Types the given ``text`` into the text field identified by ``locator``.</doc>
<msg timestamp="20220421 00:43:12.586" level="INFO">Typing text 'dont know' into text field '//*[@id="addr"]'.</msg>
<status status="PASS" starttime="20220421 00:43:12.586" endtime="20220421 00:43:12.692"/>
</kw>
<kw name="Click Element" library="Selenium2Library">
<arg>${button_order}</arg>
<doc>Click the element identified by ``locator``.</doc>
<msg timestamp="20220421 00:43:12.694" level="INFO">Clicking element '//*[@id="order"]'.</msg>
<status status="PASS" starttime="20220421 00:43:12.693" endtime="20220421 00:43:12.750"/>
</kw>
<kw name="Sleep" library="BuiltIn">
<arg>5s</arg>
<doc>Pauses the test executed for the given time.</doc>
<msg timestamp="20220421 00:43:17.765" level="INFO">Slept 5 seconds</msg>
<status status="PASS" starttime="20220421 00:43:12.751" endtime="20220421 00:43:17.765"/>
</kw>
<kw name="Title Should Be" library="Selenium2Library">
<arg>Order</arg>
<doc>Verifies that the current page title equals ``title``.</doc>
<msg timestamp="20220421 00:43:17.782" level="INFO">Page title is 'Order'.</msg>
<status status="PASS" starttime="20220421 00:43:17.766" endtime="20220421 00:43:17.782"/>
</kw>
<kw name="Close Browser" library="Selenium2Library" type="TEARDOWN">
<doc>Closes the current browser.</doc>
<status status="PASS" starttime="20220421 00:43:17.783" endtime="20220421 00:43:19.907"/>
</kw>
<tag>successful-case</tag>
<status status="PASS" starttime="20220421 00:42:59.370" endtime="20220421 00:43:19.908"/>
</test>
<test id="s1-t2" name="T0002 ทดลองใส่ตัวเลขไทย" line="40">
<kw name="Open Browser" library="Selenium2Library">
<arg>${url_form}</arg>
<arg>chrome</arg>
<doc>Opens a new browser instance to the optional ``url``.</doc>
<msg timestamp="20220421 00:43:19.913" level="INFO">Opening browser 'chrome' to base url 'http://localhost:3000/cart'.</msg>
<status status="PASS" starttime="20220421 00:43:19.912" endtime="20220421 00:43:22.011"/>
</kw>
<kw name="Sleep" library="BuiltIn">
<arg>3s</arg>
<doc>Pauses the test executed for the given time.</doc>
<msg timestamp="20220421 00:43:25.022" level="INFO">Slept 3 seconds</msg>
<status status="PASS" starttime="20220421 00:43:22.011" endtime="20220421 00:43:25.022"/>
</kw>
<kw name="Click Element" library="Selenium2Library">
<arg>${button_buy}</arg>
<doc>Click the element identified by ``locator``.</doc>
<msg timestamp="20220421 00:43:25.024" level="INFO">Clicking element '//*[@id="buy"]'.</msg>
<status status="PASS" starttime="20220421 00:43:25.023" endtime="20220421 00:43:25.113"/>
</kw>
<kw name="Sleep" library="BuiltIn">
<arg>3s</arg>
<doc>Pauses the test executed for the given time.</doc>
<msg timestamp="20220421 00:43:28.129" level="INFO">Slept 3 seconds</msg>
<status status="PASS" starttime="20220421 00:43:25.114" endtime="20220421 00:43:28.129"/>
</kw>
<kw name="Click Element" library="Selenium2Library">
<arg>${button_oncash}</arg>
<doc>Click the element identified by ``locator``.</doc>
<msg timestamp="20220421 00:43:28.131" level="INFO">Clicking element '//*[@id="oncash"]'.</msg>
<status status="PASS" starttime="20220421 00:43:28.130" endtime="20220421 00:43:28.324"/>
</kw>
<kw name="Sleep" library="BuiltIn">
<arg>3s</arg>
<doc>Pauses the test executed for the given time.</doc>
<msg timestamp="20220421 00:43:31.329" level="INFO">Slept 3 seconds</msg>
<status status="PASS" starttime="20220421 00:43:28.324" endtime="20220421 00:43:31.329"/>
</kw>
<kw name="Input Text" library="Selenium2Library">
<arg>${textbox_name}</arg>
<arg>วรภพ</arg>
<doc>Types the given ``text`` into the text field identified by ``locator``.</doc>
<msg timestamp="20220421 00:43:31.331" level="INFO">Typing text 'วรภพ' into text field '//*[@id="name"]'.</msg>
<status status="PASS" starttime="20220421 00:43:31.330" endtime="20220421 00:43:31.523"/>
</kw>
<kw name="Input Text" library="Selenium2Library">
<arg>${textbox_surname}</arg>
<arg>เกียรติคงแสง</arg>
<doc>Types the given ``text`` into the text field identified by ``locator``.</doc>
<msg timestamp="20220421 00:43:31.524" level="INFO">Typing text 'เกียรติคงแสง' into text field '//*[@id="surname"]'.</msg>
<status status="PASS" starttime="20220421 00:43:31.524" endtime="20220421 00:43:31.701"/>
</kw>
<kw name="Input Text" library="Selenium2Library">
<arg>${textbox_tel}</arg>
<arg>๐๘๓๒๔๐๕๕๘๘</arg>
<doc>Types the given ``text`` into the text field identified by ``locator``.</doc>
<msg timestamp="20220421 00:43:31.703" level="INFO">Typing text '๐๘๓๒๔๐๕๕๘๘' into text field '//*[@id="tel"]'.</msg>
<status status="PASS" starttime="20220421 00:43:31.702" endtime="20220421 00:43:31.868"/>
</kw>
<kw name="Input Text" library="Selenium2Library">
<arg>${textbox_addr}</arg>
<arg>dont know</arg>
<doc>Types the given ``text`` into the text field identified by ``locator``.</doc>
<msg timestamp="20220421 00:43:31.870" level="INFO">Typing text 'dont know' into text field '//*[@id="addr"]'.</msg>
<status status="PASS" starttime="20220421 00:43:31.869" endtime="20220421 00:43:32.026"/>
</kw>
<kw name="Click Element" library="Selenium2Library">
<arg>${button_order}</arg>
<doc>Click the element identified by ``locator``.</doc>
<msg timestamp="20220421 00:43:32.028" level="INFO">Clicking element '//*[@id="order"]'.</msg>
<status status="PASS" starttime="20220421 00:43:32.027" endtime="20220421 00:43:32.101"/>
</kw>
<kw name="Sleep" library="BuiltIn">
<arg>5s</arg>
<doc>Pauses the test executed for the given time.</doc>
<msg timestamp="20220421 00:43:37.114" level="INFO">Slept 5 seconds</msg>
<status status="PASS" starttime="20220421 00:43:32.102" endtime="20220421 00:43:37.114"/>
</kw>
<kw name="Title Should Be" library="Selenium2Library">
<arg>Cart</arg>
<doc>Verifies that the current page title equals ``title``.</doc>
<msg timestamp="20220421 00:43:37.124" level="INFO">Page title is 'Cart'.</msg>
<status status="PASS" starttime="20220421 00:43:37.115" endtime="20220421 00:43:37.124"/>
</kw>
<kw name="Close Browser" library="Selenium2Library" type="TEARDOWN">
<doc>Closes the current browser.</doc>
<status status="PASS" starttime="20220421 00:43:37.125" endtime="20220421 00:43:39.294"/>
</kw>
<tag>fail-case</tag>
<status status="PASS" starttime="20220421 00:43:19.910" endtime="20220421 00:43:39.295"/>
</test>
<test id="s1-t3" name="T0003 ทดลองใส่ตัวเลขอารบิกจำนวน5ตัว" line="56">
<kw name="Open Browser" library="Selenium2Library">
<arg>${url_form}</arg>
<arg>chrome</arg>
<doc>Opens a new browser instance to the optional ``url``.</doc>
<msg timestamp="20220421 00:43:39.300" level="INFO">Opening browser 'chrome' to base url 'http://localhost:3000/cart'.</msg>
<status status="PASS" starttime="20220421 00:43:39.299" endtime="20220421 00:43:41.426"/>
</kw>
<kw name="Sleep" library="BuiltIn">
<arg>3s</arg>
<doc>Pauses the test executed for the given time.</doc>
<msg timestamp="20220421 00:43:44.430" level="INFO">Slept 3 seconds</msg>
<status status="PASS" starttime="20220421 00:43:41.428" endtime="20220421 00:43:44.430"/>
</kw>
<kw name="Click Element" library="Selenium2Library">
<arg>${button_buy}</arg>
<doc>Click the element identified by ``locator``.</doc>
<msg timestamp="20220421 00:43:44.431" level="INFO">Clicking element '//*[@id="buy"]'.</msg>
<status status="PASS" starttime="20220421 00:43:44.431" endtime="20220421 00:43:44.504"/>
</kw>
<kw name="Sleep" library="BuiltIn">
<arg>3s</arg>
<doc>Pauses the test executed for the given time.</doc>
<msg timestamp="20220421 00:43:47.506" level="INFO">Slept 3 seconds</msg>
<status status="PASS" starttime="20220421 00:43:44.505" endtime="20220421 00:43:47.506"/>
</kw>
<kw name="Click Element" library="Selenium2Library">
<arg>${button_oncash}</arg>
<doc>Click the element identified by ``locator``.</doc>
<msg timestamp="20220421 00:43:47.508" level="INFO">Clicking element '//*[@id="oncash"]'.</msg>
<status status="PASS" starttime="20220421 00:43:47.507" endtime="20220421 00:43:47.733"/>
</kw>
<kw name="Sleep" library="BuiltIn">
<arg>3s</arg>
<doc>Pauses the test executed for the given time.</doc>
<msg timestamp="20220421 00:43:50.739" level="INFO">Slept 3 seconds</msg>
<status status="PASS" starttime="20220421 00:43:47.734" endtime="20220421 00:43:50.739"/>
</kw>
<kw name="Input Text" library="Selenium2Library">
<arg>${textbox_name}</arg>
<arg>วรภพ</arg>
<doc>Types the given ``text`` into the text field identified by ``locator``.</doc>
<msg timestamp="20220421 00:43:50.740" level="INFO">Typing text 'วรภพ' into text field '//*[@id="name"]'.</msg>
<status status="PASS" starttime="20220421 00:43:50.739" endtime="20220421 00:43:50.880"/>
</kw>
<kw name="Input Text" library="Selenium2Library">
<arg>${textbox_surname}</arg>
<arg>เกียรติคงแสง</arg>
<doc>Types the given ``text`` into the text field identified by ``locator``.</doc>
<msg timestamp="20220421 00:43:50.881" level="INFO">Typing text 'เกียรติคงแสง' into text field '//*[@id="surname"]'.</msg>
<status status="PASS" starttime="20220421 00:43:50.880" endtime="20220421 00:43:51.018"/>
</kw>
<kw name="Input Text" library="Selenium2Library">
<arg>${textbox_tel}</arg>
<arg>06845</arg>
<doc>Types the given ``text`` into the text field identified by ``locator``.</doc>
<msg timestamp="20220421 00:43:51.019" level="INFO">Typing text '06845' into text field '//*[@id="tel"]'.</msg>
<status status="PASS" starttime="20220421 00:43:51.019" endtime="20220421 00:43:51.123"/>
</kw>
<kw name="Input Text" library="Selenium2Library">
<arg>${textbox_addr}</arg>
<arg>dont know</arg>
<doc>Types the given ``text`` into the text field identified by ``locator``.</doc>
<msg timestamp="20220421 00:43:51.125" level="INFO">Typing text 'dont know' into text field '//*[@id="addr"]'.</msg>
<status status="PASS" starttime="20220421 00:43:51.124" endtime="20220421 00:43:51.239"/>
</kw>
<kw name="Click Element" library="Selenium2Library">
<arg>${button_order}</arg>
<doc>Click the element identified by ``locator``.</doc>
<msg timestamp="20220421 00:43:51.240" level="INFO">Clicking element '//*[@id="order"]'.</msg>
<status status="PASS" starttime="20220421 00:43:51.239" endtime="20220421 00:43:51.288"/>
</kw>
<kw name="Sleep" library="BuiltIn">
<arg>5s</arg>
<doc>Pauses the test executed for the given time.</doc>
<msg timestamp="20220421 00:43:56.299" level="INFO">Slept 5 seconds</msg>
<status status="PASS" starttime="20220421 00:43:51.289" endtime="20220421 00:43:56.299"/>
</kw>
<kw name="Title Should Be" library="Selenium2Library">
<arg>Cart</arg>
<doc>Verifies that the current page title equals ``title``.</doc>
<msg timestamp="20220421 00:43:56.308" level="INFO">Page title is 'Cart'.</msg>
<status status="PASS" starttime="20220421 00:43:56.300" endtime="20220421 00:43:56.308"/>
</kw>
<kw name="Close Browser" library="Selenium2Library" type="TEARDOWN">
<doc>Closes the current browser.</doc>
<status status="PASS" starttime="20220421 00:43:56.309" endtime="20220421 00:43:58.459"/>
</kw>
<tag>fail-case</tag>
<status status="PASS" starttime="20220421 00:43:39.297" endtime="20220421 00:43:58.460"/>
</test>
<test id="s1-t4" name="T0004 ทดลองใส่ตัวเลขอารบิกจำนวน8ตัว" line="72">
<kw name="Open Browser" library="Selenium2Library">
<arg>${url_form}</arg>
<arg>chrome</arg>
<doc>Opens a new browser instance to the optional ``url``.</doc>
<msg timestamp="20220421 00:43:58.467" level="INFO">Opening browser 'chrome' to base url 'http://localhost:3000/cart'.</msg>
<status status="PASS" starttime="20220421 00:43:58.467" endtime="20220421 00:44:00.449"/>
</kw>
<kw name="Sleep" library="BuiltIn">
<arg>3s</arg>
<doc>Pauses the test executed for the given time.</doc>
<msg timestamp="20220421 00:44:03.463" level="INFO">Slept 3 seconds</msg>
<status status="PASS" starttime="20220421 00:44:00.450" endtime="20220421 00:44:03.463"/>
</kw>
<kw name="Click Element" library="Selenium2Library">
<arg>${button_buy}</arg>
<doc>Click the element identified by ``locator``.</doc>
<msg timestamp="20220421 00:44:03.465" level="INFO">Clicking element '//*[@id="buy"]'.</msg>
<status status="PASS" starttime="20220421 00:44:03.464" endtime="20220421 00:44:03.556"/>
</kw>
<kw name="Sleep" library="BuiltIn">
<arg>3s</arg>
<doc>Pauses the test executed for the given time.</doc>
<msg timestamp="20220421 00:44:06.569" level="INFO">Slept 3 seconds</msg>
<status status="PASS" starttime="20220421 00:44:03.557" endtime="20220421 00:44:06.569"/>
</kw>
<kw name="Click Element" library="Selenium2Library">
<arg>${button_oncash}</arg>
<doc>Click the element identified by ``locator``.</doc>
<msg timestamp="20220421 00:44:06.570" level="INFO">Clicking element '//*[@id="oncash"]'.</msg>
<status status="PASS" starttime="20220421 00:44:06.570" endtime="20220421 00:44:06.666"/>
</kw>
<kw name="Sleep" library="BuiltIn">
<arg>3s</arg>
<doc>Pauses the test executed for the given time.</doc>
<msg timestamp="20220421 00:44:09.675" level="INFO">Slept 3 seconds</msg>
<status status="PASS" starttime="20220421 00:44:06.667" endtime="20220421 00:44:09.675"/>
</kw>
<kw name="Input Text" library="Selenium2Library">
<arg>${textbox_name}</arg>
<arg>วรภพ</arg>
<doc>Types the given ``text`` into the text field identified by ``locator``.</doc>
<msg timestamp="20220421 00:44:09.676" level="INFO">Typing text 'วรภพ' into text field '//*[@id="name"]'.</msg>
<status status="PASS" starttime="20220421 00:44:09.676" endtime="20220421 00:44:09.756"/>
</kw>
<kw name="Input Text" library="Selenium2Library">
<arg>${textbox_surname}</arg>
<arg>เกียรติคงแสง</arg>
<doc>Types the given ``text`` into the text field identified by ``locator``.</doc>
<msg timestamp="20220421 00:44:09.757" level="INFO">Typing text 'เกียรติคงแสง' into text field '//*[@id="surname"]'.</msg>
<status status="PASS" starttime="20220421 00:44:09.756" endtime="20220421 00:44:09.845"/>
</kw>
<kw name="Input Text" library="Selenium2Library">
<arg>${textbox_tel}</arg>
<arg>09415862</arg>
<doc>Types the given ``text`` into the text field identified by ``locator``.</doc>
<msg timestamp="20220421 00:44:09.846" level="INFO">Typing text '09415862' into text field '//*[@id="tel"]'.</msg>
<status status="PASS" starttime="20220421 00:44:09.846" endtime="20220421 00:44:09.922"/>
</kw>
<kw name="Input Text" library="Selenium2Library">
<arg>${textbox_addr}</arg>
<arg>dont know</arg>
<doc>Types the given ``text`` into the text field identified by ``locator``.</doc>
<msg timestamp="20220421 00:44:09.923" level="INFO">Typing text 'dont know' into text field '//*[@id="addr"]'.</msg>
<status status="PASS" starttime="20220421 00:44:09.923" endtime="20220421 00:44:09.999"/>
</kw>
<kw name="Click Element" library="Selenium2Library">
<arg>${button_order}</arg>
<doc>Click the element identified by ``locator``.</doc>
<msg timestamp="20220421 00:44:10.000" level="INFO">Clicking element '//*[@id="order"]'.</msg>
<status status="PASS" starttime="20220421 00:44:09.999" endtime="20220421 00:44:10.034"/>
</kw>
<kw name="Sleep" library="BuiltIn">
<arg>5s</arg>
<doc>Pauses the test executed for the given time.</doc>
<msg timestamp="20220421 00:44:15.039" level="INFO">Slept 5 seconds</msg>
<status status="PASS" starttime="20220421 00:44:10.034" endtime="20220421 00:44:15.039"/>
</kw>
<kw name="Title Should Be" library="Selenium2Library">
<arg>Cart</arg>
<doc>Verifies that the current page title equals ``title``.</doc>
<msg timestamp="20220421 00:44:15.050" level="INFO">Page title is 'Cart'.</msg>
<status status="PASS" starttime="20220421 00:44:15.040" endtime="20220421 00:44:15.051"/>
</kw>
<kw name="Close Browser" library="Selenium2Library" type="TEARDOWN">
<doc>Closes the current browser.</doc>
<status status="PASS" starttime="20220421 00:44:15.052" endtime="20220421 00:44:17.222"/>
</kw>
<tag>fail-case</tag>
<status status="PASS" starttime="20220421 00:43:58.463" endtime="20220421 00:44:17.223"/>
</test>
<test id="s1-t5" name="T0005 ทดลองใส่ตัวเลขอารบิกจำนวน9ตัว" line="88">
<kw name="Open Browser" library="Selenium2Library">
<arg>${url_form}</arg>
<arg>chrome</arg>
<doc>Opens a new browser instance to the optional ``url``.</doc>
<msg timestamp="20220421 00:44:17.229" level="INFO">Opening browser 'chrome' to base url 'http://localhost:3000/cart'.</msg>
<status status="PASS" starttime="20220421 00:44:17.229" endtime="20220421 00:44:19.451"/>
</kw>
<kw name="Sleep" library="BuiltIn">
<arg>3s</arg>
<doc>Pauses the test executed for the given time.</doc>
<msg timestamp="20220421 00:44:22.465" level="INFO">Slept 3 seconds</msg>
<status status="PASS" starttime="20220421 00:44:19.455" endtime="20220421 00:44:22.465"/>
</kw>
<kw name="Click Element" library="Selenium2Library">
<arg>${button_buy}</arg>
<doc>Click the element identified by ``locator``.</doc>
<msg timestamp="20220421 00:44:22.467" level="INFO">Clicking element '//*[@id="buy"]'.</msg>
<status status="PASS" starttime="20220421 00:44:22.466" endtime="20220421 00:44:22.544"/>
</kw>
<kw name="Sleep" library="BuiltIn">
<arg>3s</arg>
<doc>Pauses the test executed for the given time.</doc>
<msg timestamp="20220421 00:44:25.557" level="INFO">Slept 3 seconds</msg>
<status status="PASS" starttime="20220421 00:44:22.546" endtime="20220421 00:44:25.558"/>
</kw>
<kw name="Click Element" library="Selenium2Library">
<arg>${button_oncash}</arg>
<doc>Click the element identified by ``locator``.</doc>
<msg timestamp="20220421 00:44:25.560" level="INFO">Clicking element '//*[@id="oncash"]'.</msg>
<status status="PASS" starttime="20220421 00:44:25.559" endtime="20220421 00:44:25.731"/>
</kw>
<kw name="Sleep" library="BuiltIn">
<arg>3s</arg>
<doc>Pauses the test executed for the given time.</doc>
<msg timestamp="20220421 00:44:28.737" level="INFO">Slept 3 seconds</msg>
<status status="PASS" starttime="20220421 00:44:25.732" endtime="20220421 00:44:28.737"/>
</kw>
<kw name="Input Text" library="Selenium2Library">
<arg>${textbox_name}</arg>
<arg>วรภพ</arg>
<doc>Types the given ``text`` into the text field identified by ``locator``.</doc>
<msg timestamp="20220421 00:44:28.740" level="INFO">Typing text 'วรภพ' into text field '//*[@id="name"]'.</msg>
<status status="PASS" starttime="20220421 00:44:28.739" endtime="20220421 00:44:28.935"/>
</kw>
<kw name="Input Text" library="Selenium2Library">
<arg>${textbox_surname}</arg>
<arg>เกียรติคงแสง</arg>
<doc>Types the given ``text`` into the text field identified by ``locator``.</doc>
<msg timestamp="20220421 00:44:28.936" level="INFO">Typing text 'เกียรติคงแสง' into text field '//*[@id="surname"]'.</msg>
<status status="PASS" starttime="20220421 00:44:28.936" endtime="20220421 00:44:29.121"/>
</kw>
<kw name="Input Text" library="Selenium2Library">
<arg>${textbox_tel}</arg>
<arg>021234567</arg>
<doc>Types the given ``text`` into the text field identified by ``locator``.</doc>
<msg timestamp="20220421 00:44:29.123" level="INFO">Typing text '021234567' into text field '//*[@id="tel"]'.</msg>
<status status="PASS" starttime="20220421 00:44:29.122" endtime="20220421 00:44:29.298"/>
</kw>
<kw name="Input Text" library="Selenium2Library">
<arg>${textbox_addr}</arg>
<arg>dont know</arg>
<doc>Types the given ``text`` into the text field identified by ``locator``.</doc>
<msg timestamp="20220421 00:44:29.300" level="INFO">Typing text 'dont know' into text field '//*[@id="addr"]'.</msg>
<status status="PASS" starttime="20220421 00:44:29.299" endtime="20220421 00:44:29.476"/>
</kw>
<kw name="Click Element" library="Selenium2Library">
<arg>${button_order}</arg>
<doc>Click the element identified by ``locator``.</doc>
<msg timestamp="20220421 00:44:29.477" level="INFO">Clicking element '//*[@id="order"]'.</msg>
<status status="PASS" starttime="20220421 00:44:29.477" endtime="20220421 00:44:29.562"/>
</kw>
<kw name="Sleep" library="BuiltIn">
<arg>5s</arg>
<doc>Pauses the test executed for the given time.</doc>
<msg timestamp="20220421 00:44:34.575" level="INFO">Slept 5 seconds</msg>
<status status="PASS" starttime="20220421 00:44:29.563" endtime="20220421 00:44:34.575"/>
</kw>
<kw name="Title Should Be" library="Selenium2Library">
<arg>Order</arg>
<doc>Verifies that the current page title equals ``title``.</doc>
<msg timestamp="20220421 00:44:34.599" level="INFO">Page title is 'Order'.</msg>
<status status="PASS" starttime="20220421 00:44:34.576" endtime="20220421 00:44:34.599"/>
</kw>
<kw name="Close Browser" library="Selenium2Library" type="TEARDOWN">
<doc>Closes the current browser.</doc>
<status status="PASS" starttime="20220421 00:44:34.601" endtime="20220421 00:44:36.763"/>
</kw>
<tag>successful-case</tag>
<status status="PASS" starttime="20220421 00:44:17.226" endtime="20220421 00:44:36.764"/>
</test>
<test id="s1-t6" name="T0006 ทดลองใส่ตัวเลขอารบิกจำนวน10ตัว" line="104">
<kw name="Open Browser" library="Selenium2Library">
<arg>${url_form}</arg>
<arg>chrome</arg>
<doc>Opens a new browser instance to the optional ``url``.</doc>
<msg timestamp="20220421 00:44:36.774" level="INFO">Opening browser 'chrome' to base url 'http://localhost:3000/cart'.</msg>
<status status="PASS" starttime="20220421 00:44:36.772" endtime="20220421 00:44:38.962"/>
</kw>
<kw name="Sleep" library="BuiltIn">
<arg>3s</arg>
<doc>Pauses the test executed for the given time.</doc>
<msg timestamp="20220421 00:44:41.978" level="INFO">Slept 3 seconds</msg>
<status status="PASS" starttime="20220421 00:44:38.963" endtime="20220421 00:44:41.978"/>
</kw>
<kw name="Click Element" library="Selenium2Library">
<arg>${button_buy}</arg>
<doc>Click the element identified by ``locator``.</doc>
<msg timestamp="20220421 00:44:41.980" level="INFO">Clicking element '//*[@id="buy"]'.</msg>
<status status="PASS" starttime="20220421 00:44:41.979" endtime="20220421 00:44:42.087"/>
</kw>
<kw name="Sleep" library="BuiltIn">
<arg>3s</arg>
<doc>Pauses the test executed for the given time.</doc>
<msg timestamp="20220421 00:44:45.095" level="INFO">Slept 3 seconds</msg>
<status status="PASS" starttime="20220421 00:44:42.088" endtime="20220421 00:44:45.095"/>
</kw>
<kw name="Click Element" library="Selenium2Library">
<arg>${button_oncash}</arg>
<doc>Click the element identified by ``locator``.</doc>
<msg timestamp="20220421 00:44:45.097" level="INFO">Clicking element '//*[@id="oncash"]'.</msg>
<status status="PASS" starttime="20220421 00:44:45.096" endtime="20220421 00:44:45.264"/>
</kw>
<kw name="Sleep" library="BuiltIn">
<arg>3s</arg>
<doc>Pauses the test executed for the given time.</doc>
<msg timestamp="20220421 00:44:48.274" level="INFO">Slept 3 seconds</msg>
<status status="PASS" starttime="20220421 00:44:45.266" endtime="20220421 00:44:48.274"/>
</kw>
<kw name="Input Text" library="Selenium2Library">
<arg>${textbox_name}</arg>
<arg>วรภพ</arg>
<doc>Types the given ``text`` into the text field identified by ``locator``.</doc>
<msg timestamp="20220421 00:44:48.276" level="INFO">Typing text 'วรภพ' into text field '//*[@id="name"]'.</msg>
<status status="PASS" starttime="20220421 00:44:48.275" endtime="20220421 00:44:48.494"/>
</kw>
<kw name="Input Text" library="Selenium2Library">
<arg>${textbox_surname}</arg>
<arg>เกียรติคงแสง</arg>
<doc>Types the given ``text`` into the text field identified by ``locator``.</doc>
<msg timestamp="20220421 00:44:48.497" level="INFO">Typing text 'เกียรติคงแสง' into text field '//*[@id="surname"]'.</msg>
<status status="PASS" starttime="20220421 00:44:48.495" endtime="20220421 00:44:48.715"/>
</kw>
<kw name="Input Text" library="Selenium2Library">
<arg>${textbox_tel}</arg>
<arg>0941586201</arg>
<doc>Types the given ``text`` into the text field identified by ``locator``.</doc>
<msg timestamp="20220421 00:44:48.717" level="INFO">Typing text '0941586201' into text field '//*[@id="tel"]'.</msg>
<status status="PASS" starttime="20220421 00:44:48.716" endtime="20220421 00:44:48.890"/>
</kw>
<kw name="Input Text" library="Selenium2Library">
<arg>${textbox_addr}</arg>
<arg>dont know</arg>
<doc>Types the given ``text`` into the text field identified by ``locator``.</doc>
<msg timestamp="20220421 00:44:48.893" level="INFO">Typing text 'dont know' into text field '//*[@id="addr"]'.</msg>
<status status="PASS" starttime="20220421 00:44:48.892" endtime="20220421 00:44:49.064"/>
</kw>
<kw name="Click Element" library="Selenium2Library">
<arg>${button_order}</arg>
<doc>Click the element identified by ``locator``.</doc>
<msg timestamp="20220421 00:44:49.066" level="INFO">Clicking element '//*[@id="order"]'.</msg>
<status status="PASS" starttime="20220421 00:44:49.066" endtime="20220421 00:44:49.150"/>
</kw>
<kw name="Sleep" library="BuiltIn">
<arg>5s</arg>
<doc>Pauses the test executed for the given time.</doc>
<msg timestamp="20220421 00:44:54.152" level="INFO">Slept 5 seconds</msg>
<status status="PASS" starttime="20220421 00:44:49.151" endtime="20220421 00:44:54.152"/>
</kw>
<kw name="Title Should Be" library="Selenium2Library">
<arg>Order</arg>
<doc>Verifies that the current page title equals ``title``.</doc>
<msg timestamp="20220421 00:44:54.174" level="INFO">Page title is 'Order'.</msg>
<status status="PASS" starttime="20220421 00:44:54.153" endtime="20220421 00:44:54.174"/>
</kw>
<kw name="Close Browser" library="Selenium2Library" type="TEARDOWN">
<doc>Closes the current browser.</doc>
<status status="PASS" starttime="20220421 00:44:54.175" endtime="20220421 00:44:56.340"/>
</kw>
<tag>successful-case</tag>
<status status="PASS" starttime="20220421 00:44:36.767" endtime="20220421 00:44:56.349"/>
</test>
<test id="s1-t7" name="T0007 ทดลองใส่ตัวเลขอารบิกจำนวน11ตัว" line="120">
<kw name="Open Browser" library="Selenium2Library">
<arg>${url_form}</arg>
<arg>chrome</arg>
<doc>Opens a new browser instance to the optional ``url``.</doc>
<msg timestamp="20220421 00:44:56.359" level="INFO">Opening browser 'chrome' to base url 'http://localhost:3000/cart'.</msg>
<status status="PASS" starttime="20220421 00:44:56.358" endtime="20220421 00:44:58.632"/>
</kw>
<kw name="Sleep" library="BuiltIn">
<arg>3s</arg>
<doc>Pauses the test executed for the given time.</doc>
<msg timestamp="20220421 00:45:01.645" level="INFO">Slept 3 seconds</msg>
<status status="PASS" starttime="20220421 00:44:58.634" endtime="20220421 00:45:01.647"/>
</kw>
<kw name="Click Element" library="Selenium2Library">
<arg>${button_buy}</arg>
<doc>Click the element identified by ``locator``.</doc>
<msg timestamp="20220421 00:45:01.650" level="INFO">Clicking element '//*[@id="buy"]'.</msg>
<status status="PASS" starttime="20220421 00:45:01.648" endtime="20220421 00:45:01.752"/>
</kw>
<kw name="Sleep" library="BuiltIn">
<arg>3s</arg>
<doc>Pauses the test executed for the given time.</doc>
<msg timestamp="20220421 00:45:04.764" level="INFO">Slept 3 seconds</msg>
<status status="PASS" starttime="20220421 00:45:01.753" endtime="20220421 00:45:04.764"/>
</kw>
<kw name="Click Element" library="Selenium2Library">
<arg>${button_oncash}</arg>
<doc>Click the element identified by ``locator``.</doc>
<msg timestamp="20220421 00:45:04.767" level="INFO">Clicking element '//*[@id="oncash"]'.</msg>
<status status="PASS" starttime="20220421 00:45:04.765" endtime="20220421 00:45:05.101"/>
</kw>
<kw name="Sleep" library="BuiltIn">
<arg>3s</arg>
<doc>Pauses the test executed for the given time.</doc>
<msg timestamp="20220421 00:45:08.107" level="INFO">Slept 3 seconds</msg>
<status status="PASS" starttime="20220421 00:45:05.104" endtime="20220421 00:45:08.107"/>
</kw>
<kw name="Input Text" library="Selenium2Library">
<arg>${textbox_name}</arg>
<arg>วรภพ</arg>
<doc>Types the given ``text`` into the text field identified by ``locator``.</doc>
<msg timestamp="20220421 00:45:08.110" level="INFO">Typing text 'วรภพ' into text field '//*[@id="name"]'.</msg>
<status status="PASS" starttime="20220421 00:45:08.109" endtime="20220421 00:45:08.289"/>
</kw>
<kw name="Input Text" library="Selenium2Library">
<arg>${textbox_surname}</arg>
<arg>เกียรติคงแสง</arg>
<doc>Types the given ``text`` into the text field identified by ``locator``.</doc>
<msg timestamp="20220421 00:45:08.291" level="INFO">Typing text 'เกียรติคงแสง' into text field '//*[@id="surname"]'.</msg>
<status status="PASS" starttime="20220421 00:45:08.290" endtime="20220421 00:45:08.445"/>
</kw>
<kw name="Input Text" library="Selenium2Library">
<arg>${textbox_tel}</arg>
<arg>09415862012</arg>
<doc>Types the given ``text`` into the text field identified by ``locator``.</doc>
<msg timestamp="20220421 00:45:08.446" level="INFO">Typing text '09415862012' into text field '//*[@id="tel"]'.</msg>
<status status="PASS" starttime="20220421 00:45:08.445" endtime="20220421 00:45:08.567"/>
</kw>
<kw name="Input Text" library="Selenium2Library">
<arg>${textbox_addr}</arg>
<arg>dont know</arg>
<doc>Types the given ``text`` into the text field identified by ``locator``.</doc>
<msg timestamp="20220421 00:45:08.568" level="INFO">Typing text 'dont know' into text field '//*[@id="addr"]'.</msg>
<status status="PASS" starttime="20220421 00:45:08.568" endtime="20220421 00:45:08.702"/>
</kw>
<kw name="Click Element" library="Selenium2Library">
<arg>${button_order}</arg>
<doc>Click the element identified by ``locator``.</doc>
<msg timestamp="20220421 00:45:08.704" level="INFO">Clicking element '//*[@id="order"]'.</msg>
<status status="PASS" starttime="20220421 00:45:08.703" endtime="20220421 00:45:08.770"/>
</kw>
<kw name="Sleep" library="BuiltIn">
<arg>5s</arg>
<doc>Pauses the test executed for the given time.</doc>
<msg timestamp="20220421 00:45:13.779" level="INFO">Slept 5 seconds</msg>
<status status="PASS" starttime="20220421 00:45:08.771" endtime="20220421 00:45:13.779"/>
</kw>
<kw name="Title Should Be" library="Selenium2Library">
<arg>Cart</arg>
<doc>Verifies that the current page title equals ``title``.</doc>
<msg timestamp="20220421 00:45:13.791" level="INFO">Page title is 'Cart'.</msg>
<status status="PASS" starttime="20220421 00:45:13.782" endtime="20220421 00:45:13.792"/>
</kw>
<kw name="Close Browser" library="Selenium2Library" type="TEARDOWN">
<doc>Closes the current browser.</doc>
<status status="PASS" starttime="20220421 00:45:13.792" endtime="20220421 00:45:15.998"/>
</kw>
<tag>fail-case</tag>
<status status="PASS" starttime="20220421 00:44:56.353" endtime="20220421 00:45:15.999"/>
</test>
<test id="s1-t8" name="T0008 ทดลองใส่ตัวเลขอารบิกจำนวน15ตัว" line="136">
<kw name="Open Browser" library="Selenium2Library">
<arg>${url_form}</arg>
<arg>chrome</arg>
<doc>Opens a new browser instance to the optional ``url``.</doc>
<msg timestamp="20220421 00:45:16.009" level="INFO">Opening browser 'chrome' to base url 'http://localhost:3000/cart'.</msg>
<status status="PASS" starttime="20220421 00:45:16.008" endtime="20220421 00:45:18.238"/>
</kw>
<kw name="Sleep" library="BuiltIn">
<arg>3s</arg>
<doc>Pauses the test executed for the given time.</doc>
<msg timestamp="20220421 00:45:21.266" level="INFO">Slept 3 seconds</msg>
<status status="PASS" starttime="20220421 00:45:18.255" endtime="20220421 00:45:21.266"/>
</kw>
<kw name="Click Element" library="Selenium2Library">
<arg>${button_buy}</arg>
<doc>Click the element identified by ``locator``.</doc>
<msg timestamp="20220421 00:45:21.268" level="INFO">Clicking element '//*[@id="buy"]'.</msg>
<status status="PASS" starttime="20220421 00:45:21.267" endtime="20220421 00:45:21.379"/>
</kw>
<kw name="Sleep" library="BuiltIn">
<arg>3s</arg>
<doc>Pauses the test executed for the given time.</doc>
<msg timestamp="20220421 00:45:24.387" level="INFO">Slept 3 seconds</msg>
<status status="PASS" starttime="20220421 00:45:21.380" endtime="20220421 00:45:24.387"/>
</kw>
<kw name="Click Element" library="Selenium2Library">
<arg>${button_oncash}</arg>
<doc>Click the element identified by ``locator``.</doc>
<msg timestamp="20220421 00:45:24.389" level="INFO">Clicking element '//*[@id="oncash"]'.</msg>
<status status="PASS" starttime="20220421 00:45:24.388" endtime="20220421 00:45:24.570"/>
</kw>
<kw name="Sleep" library="BuiltIn">
<arg>3s</arg>
<doc>Pauses the test executed for the given time.</doc>
<msg timestamp="20220421 00:45:27.574" level="INFO">Slept 3 seconds</msg>
<status status="PASS" starttime="20220421 00:45:24.571" endtime="20220421 00:45:27.574"/>
</kw>
<kw name="Input Text" library="Selenium2Library">
<arg>${textbox_name}</arg>
<arg>วรภพ</arg>
<doc>Types the given ``text`` into the text field identified by ``locator``.</doc>
<msg timestamp="20220421 00:45:27.576" level="INFO">Typing text 'วรภพ' into text field '//*[@id="name"]'.</msg>
<status status="PASS" starttime="20220421 00:45:27.575" endtime="20220421 00:45:27.709"/>
</kw>
<kw name="Input Text" library="Selenium2Library">
<arg>${textbox_surname}</arg>
<arg>เกียรติคงแสง</arg>
<doc>Types the given ``text`` into the text field identified by ``locator``.</doc>
<msg timestamp="20220421 00:45:27.711" level="INFO">Typing text 'เกียรติคงแสง' into text field '//*[@id="surname"]'.</msg>
<status status="PASS" starttime="20220421 00:45:27.710" endtime="20220421 00:45:27.836"/>
</kw>
<kw name="Input Text" library="Selenium2Library">
<arg>${textbox_tel}</arg>
<arg>092785526422345</arg>
<doc>Types the given ``text`` into the text field identified by ``locator``.</doc>
<msg timestamp="20220421 00:45:27.838" level="INFO">Typing text '092785526422345' into text field '//*[@id="tel"]'.</msg>
<status status="PASS" starttime="20220421 00:45:27.837" endtime="20220421 00:45:27.973"/>
</kw>
<kw name="Input Text" library="Selenium2Library">
<arg>${textbox_addr}</arg>
<arg>dont know</arg>
<doc>Types the given ``text`` into the text field identified by ``locator``.</doc>
<msg timestamp="20220421 00:45:27.976" level="INFO">Typing text 'dont know' into text field '//*[@id="addr"]'.</msg>
<status status="PASS" starttime="20220421 00:45:27.975" endtime="20220421 00:45:28.105"/>
</kw>
<kw name="Click Element" library="Selenium2Library">
<arg>${button_order}</arg>
<doc>Click the element identified by ``locator``.</doc>
<msg timestamp="20220421 00:45:28.107" level="INFO">Clicking element '//*[@id="order"]'.</msg>
<status status="PASS" starttime="20220421 00:45:28.106" endtime="20220421 00:45:28.151"/>
</kw>
<kw name="Sleep" library="BuiltIn">
<arg>5s</arg>
<doc>Pauses the test executed for the given time.</doc>
<msg timestamp="20220421 00:45:33.163" level="INFO">Slept 5 seconds</msg>
<status status="PASS" starttime="20220421 00:45:28.152" endtime="20220421 00:45:33.163"/>
</kw>
<kw name="Title Should Be" library="Selenium2Library">
<arg>Cart</arg>
<doc>Verifies that the current page title equals ``title``.</doc>
<msg timestamp="20220421 00:45:33.172" level="INFO">Page title is 'Cart'.</msg>
<status status="PASS" starttime="20220421 00:45:33.164" endtime="20220421 00:45:33.172"/>
</kw>
<kw name="Close Browser" library="Selenium2Library" type="TEARDOWN">
<doc>Closes the current browser.</doc>
<status status="PASS" starttime="20220421 00:45:33.172" endtime="20220421 00:45:35.293"/>
</kw>
<tag>fail-case</tag>
<status status="PASS" starttime="20220421 00:45:16.002" endtime="20220421 00:45:35.294"/>
</test>
<test id="s1-t9" name="T0009 ใส่ข้อมูลเฉพาะแค่ชื่อ" line="152">
<kw name="Open Browser" library="Selenium2Library">
<arg>${url_form}</arg>
<arg>chrome</arg>
<doc>Opens a new browser instance to the optional ``url``.</doc>
<msg timestamp="20220421 00:45:35.297" level="INFO">Opening browser 'chrome' to base url 'http://localhost:3000/cart'.</msg>
<status status="PASS" starttime="20220421 00:45:35.297" endtime="20220421 00:45:37.072"/>
</kw>
<kw name="Sleep" library="BuiltIn">
<arg>3s</arg>
<doc>Pauses the test executed for the given time.</doc>
<msg timestamp="20220421 00:45:40.085" level="INFO">Slept 3 seconds</msg>
<status status="PASS" starttime="20220421 00:45:37.073" endtime="20220421 00:45:40.085"/>
</kw>
<kw name="Click Element" library="Selenium2Library">
<arg>${button_buy}</arg>
<doc>Click the element identified by ``locator``.</doc>
<msg timestamp="20220421 00:45:40.087" level="INFO">Clicking element '//*[@id="buy"]'.</msg>
<status status="PASS" starttime="20220421 00:45:40.086" endtime="20220421 00:45:40.199"/>
</kw>
<kw name="Sleep" library="BuiltIn">
<arg>3s</arg>
<doc>Pauses the test executed for the given time.</doc>
<msg timestamp="20220421 00:45:43.206" level="INFO">Slept 3 seconds</msg>
<status status="PASS" starttime="20220421 00:45:40.200" endtime="20220421 00:45:43.206"/>
</kw>
<kw name="Click Element" library="Selenium2Library">
<arg>${button_oncash}</arg>
<doc>Click the element identified by ``locator``.</doc>
<msg timestamp="20220421 00:45:43.208" level="INFO">Clicking element '//*[@id="oncash"]'.</msg>
<status status="PASS" starttime="20220421 00:45:43.207" endtime="20220421 00:45:43.419"/>
</kw>
<kw name="Sleep" library="BuiltIn">
<arg>3s</arg>
<doc>Pauses the test executed for the given time.</doc>
<msg timestamp="20220421 00:45:46.425" level="INFO">Slept 3 seconds</msg>
<status status="PASS" starttime="20220421 00:45:43.421" endtime="20220421 00:45:46.425"/>
</kw>
<kw name="Input Text" library="Selenium2Library">
<arg>${textbox_name}</arg>
<arg>จุฑารัตน์</arg>
<doc>Types the given ``text`` into the text field identified by ``locator``.</doc>
<msg timestamp="20220421 00:45:46.426" level="INFO">Typing text 'จุฑารัตน์' into text field '//*[@id="name"]'.</msg>
<status status="PASS" starttime="20220421 00:45:46.426" endtime="20220421 00:45:46.560"/>
</kw>
<kw name="Input Text" library="Selenium2Library">
<arg>${textbox_surname}</arg>
<arg>${EMPTY}</arg>
<doc>Types the given ``text`` into the text field identified by ``locator``.</doc>
<msg timestamp="20220421 00:45:46.562" level="INFO">Typing text '' into text field '//*[@id="surname"]'.</msg>
<status status="PASS" starttime="20220421 00:45:46.561" endtime="20220421 00:45:46.644"/>
</kw>
<kw name="Input Text" library="Selenium2Library">
<arg>${textbox_tel}</arg>
<arg>${EMPTY}</arg>
<doc>Types the given ``text`` into the text field identified by ``locator``.</doc>
<msg timestamp="20220421 00:45:46.646" level="INFO">Typing text '' into text field '//*[@id="tel"]'.</msg>
<status status="PASS" starttime="20220421 00:45:46.645" endtime="20220421 00:45:46.729"/>
</kw>
<kw name="Input Text" library="Selenium2Library">
<arg>${textbox_addr}</arg>
<arg>${EMPTY}</arg>
<doc>Types the given ``text`` into the text field identified by ``locator``.</doc>
<msg timestamp="20220421 00:45:46.731" level="INFO">Typing text '' into text field '//*[@id="addr"]'.</msg>
<status status="PASS" starttime="20220421 00:45:46.730" endtime="20220421 00:45:46.818"/>
</kw>
<kw name="Click Element" library="Selenium2Library">
<arg>${button_order}</arg>
<doc>Click the element identified by ``locator``.</doc>
<msg timestamp="20220421 00:45:46.819" level="INFO">Clicking element '//*[@id="order"]'.</msg>
<status status="PASS" starttime="20220421 00:45:46.818" endtime="20220421 00:45:46.862"/>
</kw>
<kw name="Sleep" library="BuiltIn">
<arg>5s</arg>
<doc>Pauses the test executed for the given time.</doc>
<msg timestamp="20220421 00:45:51.876" level="INFO">Slept 5 seconds</msg>
<status status="PASS" starttime="20220421 00:45:46.863" endtime="20220421 00:45:51.876"/>
</kw>
<kw name="Title Should Be" library="Selenium2Library">
<arg>Cart</arg>
<doc>Verifies that the current page title equals ``title``.</doc>
<msg timestamp="20220421 00:45:51.891" level="INFO">Page title is 'Cart'.</msg>
<status status="PASS" starttime="20220421 00:45:51.878" endtime="20220421 00:45:51.891"/>
</kw>
<kw name="Close Browser" library="Selenium2Library" type="TEARDOWN">
<doc>Closes the current browser.</doc>
<status status="PASS" starttime="20220421 00:45:51.893" endtime="20220421 00:45:54.101"/>
</kw>
<tag>fail-case</tag>
<status status="PASS" starttime="20220421 00:45:35.295" endtime="20220421 00:45:54.102"/>
</test>
<test id="s1-t10" name="T0010 ใส่ข้อมูลเฉพาะแค่ชื่อ" line="168">
<kw name="Open Browser" library="Selenium2Library">
<arg>${url_form}</arg>
<arg>chrome</arg>
<doc>Opens a new browser instance to the optional ``url``.</doc>
<msg timestamp="20220421 00:45:54.111" level="INFO">Opening browser 'chrome' to base url 'http://localhost:3000/cart'.</msg>
<status status="PASS" starttime="20220421 00:45:54.110" endtime="20220421 00:45:56.380"/>
</kw>
<kw name="Sleep" library="BuiltIn">
<arg>3s</arg>
<doc>Pauses the test executed for the given time.</doc>
<msg timestamp="20220421 00:45:59.395" level="INFO">Slept 3 seconds</msg>
<status status="PASS" starttime="20220421 00:45:56.380" endtime="20220421 00:45:59.395"/>
</kw>
<kw name="Click Element" library="Selenium2Library">
<arg>${button_buy}</arg>
<doc>Click the element identified by ``locator``.</doc>
<msg timestamp="20220421 00:45:59.397" level="INFO">Clicking element '//*[@id="buy"]'.</msg>
<status status="PASS" starttime="20220421 00:45:59.396" endtime="20220421 00:45:59.498"/>
</kw>
<kw name="Sleep" library="BuiltIn">
<arg>3s</arg>
<doc>Pauses the test executed for the given time.</doc>
<msg timestamp="20220421 00:46:02.509" level="INFO">Slept 3 seconds</msg>
<status status="PASS" starttime="20220421 00:45:59.499" endtime="20220421 00:46:02.509"/>
</kw>
<kw name="Click Element" library="Selenium2Library">
<arg>${button_oncash}</arg>
<doc>Click the element identified by ``locator``.</doc>
<msg timestamp="20220421 00:46:02.511" level="INFO">Clicking element '//*[@id="oncash"]'.</msg>
<status status="PASS" starttime="20220421 00:46:02.510" endtime="20220421 00:46:02.733"/>
</kw>
<kw name="Sleep" library="BuiltIn">
<arg>3s</arg>
<doc>Pauses the test executed for the given time.</doc>
<msg timestamp="20220421 00:46:05.750" level="INFO">Slept 3 seconds</msg>
<status status="PASS" starttime="20220421 00:46:02.734" endtime="20220421 00:46:05.750"/>
</kw>
<kw name="Input Text" library="Selenium2Library">
<arg>${textbox_name}</arg>
<arg>${EMPTY}</arg>
<doc>Types the given ``text`` into the text field identified by ``locator``.</doc>
<msg timestamp="20220421 00:46:05.754" level="INFO">Typing text '' into text field '//*[@id="name"]'.</msg>
<status status="PASS" starttime="20220421 00:46:05.751" endtime="20220421 00:46:05.865"/>
</kw>
<kw name="Input Text" library="Selenium2Library">
<arg>${textbox_surname}</arg>
<arg>ดอนแสง</arg>
<doc>Types the given ``text`` into the text field identified by ``locator``.</doc>
<msg timestamp="20220421 00:46:05.866" level="INFO">Typing text 'ดอนแสง' into text field '//*[@id="surname"]'.</msg>
<status status="PASS" starttime="20220421 00:46:05.865" endtime="20220421 00:46:05.980"/>
</kw>
<kw name="Input Text" library="Selenium2Library">
<arg>${textbox_tel}</arg>
<arg>${EMPTY}</arg>
<doc>Types the given ``text`` into the text field identified by ``locator``.</doc>
<msg timestamp="20220421 00:46:05.982" level="INFO">Typing text '' into text field '//*[@id="tel"]'.</msg>
<status status="PASS" starttime="20220421 00:46:05.981" endtime="20220421 00:46:06.071"/>
</kw>
<kw name="Input Text" library="Selenium2Library">
<arg>${textbox_addr}</arg>
<arg>${EMPTY}</arg>
<doc>Types the given ``text`` into the text field identified by ``locator``.</doc>
<msg timestamp="20220421 00:46:06.073" level="INFO">Typing text '' into text field '//*[@id="addr"]'.</msg>
<status status="PASS" starttime="20220421 00:46:06.071" endtime="20220421 00:46:06.160"/>
</kw>
<kw name="Click Element" library="Selenium2Library">
<arg>${button_order}</arg>
<doc>Click the element identified by ``locator``.</doc>
<msg timestamp="20220421 00:46:06.161" level="INFO">Clicking element '//*[@id="order"]'.</msg>
<status status="PASS" starttime="20220421 00:46:06.160" endtime="20220421 00:46:06.218"/>
</kw>
<kw name="Sleep" library="BuiltIn">
<arg>5s</arg>
<doc>Pauses the test executed for the given time.</doc>
<msg timestamp="20220421 00:46:11.228" level="INFO">Slept 5 seconds</msg>
<status status="PASS" starttime="20220421 00:46:06.218" endtime="20220421 00:46:11.228"/>
</kw>
<kw name="Title Should Be" library="Selenium2Library">
<arg>Cart</arg>
<doc>Verifies that the current page title equals ``title``.</doc>
<msg timestamp="20220421 00:46:11.241" level="INFO">Page title is 'Cart'.</msg>
<status status="PASS" starttime="20220421 00:46:11.229" endtime="20220421 00:46:11.241"/>
</kw>
<kw name="Close Browser" library="Selenium2Library" type="TEARDOWN">
<doc>Closes the current browser.</doc>
<status status="PASS" starttime="20220421 00:46:11.242" endtime="20220421 00:46:13.415"/>
</kw>
<tag>fail-case</tag>
<status status="PASS" starttime="20220421 00:45:54.105" endtime="20220421 00:46:13.416"/>
</test>
<test id="s1-t11" name="T0011 ใส่ข้อมูลเฉพาะแค่เบอร์โทรติดต่อ" line="184">
<kw name="Open Browser" library="Selenium2Library">
<arg>${url_form}</arg>
<arg>chrome</arg>
<doc>Opens a new browser instance to the optional ``url``.</doc>
<msg timestamp="20220421 00:46:13.428" level="INFO">Opening browser 'chrome' to base url 'http://localhost:3000/cart'.</msg>
<status status="PASS" starttime="20220421 00:46:13.425" endtime="20220421 00:46:15.571"/>
</kw>
<kw name="Sleep" library="BuiltIn">
<arg>3s</arg>
<doc>Pauses the test executed for the given time.</doc>
<msg timestamp="20220421 00:46:18.583" level="INFO">Slept 3 seconds</msg>
<status status="PASS" starttime="20220421 00:46:15.572" endtime="20220421 00:46:18.583"/>
</kw>
<kw name="Click Element" library="Selenium2Library">
<arg>${button_buy}</arg>
<doc>Click the element identified by ``locator``.</doc>
<msg timestamp="20220421 00:46:18.585" level="INFO">Clicking element '//*[@id="buy"]'.</msg>
<status status="PASS" starttime="20220421 00:46:18.584" endtime="20220421 00:46:18.660"/>
</kw>
<kw name="Sleep" library="BuiltIn">
<arg>3s</arg>
<doc>Pauses the test executed for the given time.</doc>
<msg timestamp="20220421 00:46:21.674" level="INFO">Slept 3 seconds</msg>
<status status="PASS" starttime="20220421 00:46:18.661" endtime="20220421 00:46:21.674"/>
</kw>
<kw name="Click Element" library="Selenium2Library">
<arg>${button_oncash}</arg>
<doc>Click the element identified by ``locator``.</doc>
<msg timestamp="20220421 00:46:21.676" level="INFO">Clicking element '//*[@id="oncash"]'.</msg>
<status status="PASS" starttime="20220421 00:46:21.675" endtime="20220421 00:46:21.887"/>
</kw>
<kw name="Sleep" library="BuiltIn">
<arg>3s</arg>
<doc>Pauses the test executed for the given time.</doc>
<msg timestamp="20220421 00:46:24.896" level="INFO">Slept 3 seconds</msg>
<status status="PASS" starttime="20220421 00:46:21.888" endtime="20220421 00:46:24.896"/>
</kw>
<kw name="Input Text" library="Selenium2Library">
<arg>${textbox_name}</arg>
<arg>${EMPTY}</arg>
<doc>Types the given ``text`` into the text field identified by ``locator``.</doc>
<msg timestamp="20220421 00:46:24.899" level="INFO">Typing text '' into text field '//*[@id="name"]'.</msg>
<status status="PASS" starttime="20220421 00:46:24.897" endtime="20220421 00:46:25.010"/>
</kw>
<kw name="Input Text" library="Selenium2Library">
<arg>${textbox_surname}</arg>
<arg>${EMPTY}</arg>
<doc>Types the given ``text`` into the text field identified by ``locator``.</doc>
<msg timestamp="20220421 00:46:25.012" level="INFO">Typing text '' into text field '//*[@id="surname"]'.</msg>
<status status="PASS" starttime="20220421 00:46:25.011" endtime="20220421 00:46:25.098"/>
</kw>
<kw name="Input Text" library="Selenium2Library">
<arg>${textbox_tel}</arg>
<arg>0820567554</arg>
<doc>Types the given ``text`` into the text field identified by ``locator``.</doc>
<msg timestamp="20220421 00:46:25.099" level="INFO">Typing text '0820567554' into text field '//*[@id="tel"]'.</msg>
<status status="PASS" starttime="20220421 00:46:25.099" endtime="20220421 00:46:25.237"/>
</kw>
<kw name="Input Text" library="Selenium2Library">
<arg>${textbox_addr}</arg>
<arg>${EMPTY}</arg>
<doc>Types the given ``text`` into the text field identified by ``locator``.</doc>
<msg timestamp="20220421 00:46:25.239" level="INFO">Typing text '' into text field '//*[@id="addr"]'.</msg>
<status status="PASS" starttime="20220421 00:46:25.238" endtime="20220421 00:46:25.334"/>
</kw>
<kw name="Click Element" library="Selenium2Library">
<arg>${button_order}</arg>
<doc>Click the element identified by ``locator``.</doc>
<msg timestamp="20220421 00:46:25.335" level="INFO">Clicking element '//*[@id="order"]'.</msg>
<status status="PASS" starttime="20220421 00:46:25.334" endtime="20220421 00:46:25.390"/>
</kw>
<kw name="Sleep" library="BuiltIn">
<arg>5s</arg>
<doc>Pauses the test executed for the given time.</doc>
<msg timestamp="20220421 00:46:30.400" level="INFO">Slept 5 seconds</msg>
<status status="PASS" starttime="20220421 00:46:25.390" endtime="20220421 00:46:30.400"/>
</kw>
<kw name="Title Should Be" library="Selenium2Library">
<arg>Cart</arg>
<doc>Verifies that the current page title equals ``title``.</doc>
<msg timestamp="20220421 00:46:30.412" level="INFO">Page title is 'Cart'.</msg>
<status status="PASS" starttime="20220421 00:46:30.402" endtime="20220421 00:46:30.412"/>
</kw>
<kw name="Close Browser" library="Selenium2Library" type="TEARDOWN">
<doc>Closes the current browser.</doc>
<status status="PASS" starttime="20220421 00:46:30.413" endtime="20220421 00:46:32.596"/>
</kw>
<tag>fail-case</tag>
<status status="PASS" starttime="20220421 00:46:13.419" endtime="20220421 00:46:32.597"/>
</test>
<test id="s1-t12" name="T0012 ใส่ข้อมูลเฉพาะแค่ที่อยู่" line="200">
<kw name="Open Browser" library="Selenium2Library">
<arg>${url_form}</arg>
<arg>chrome</arg>
<doc>Opens a new browser instance to the optional ``url``.</doc>
<msg timestamp="20220421 00:46:32.606" level="INFO">Opening browser 'chrome' to base url 'http://localhost:3000/cart'.</msg>
<status status="PASS" starttime="20220421 00:46:32.604" endtime="20220421 00:46:34.895"/>
</kw>
<kw name="Sleep" library="BuiltIn">
<arg>3s</arg>
<doc>Pauses the test executed for the given time.</doc>
<msg timestamp="20220421 00:46:37.899" level="INFO">Slept 3 seconds</msg>
<status status="PASS" starttime="20220421 00:46:34.896" endtime="20220421 00:46:37.899"/>
</kw>
<kw name="Click Element" library="Selenium2Library">
<arg>${button_buy}</arg>
<doc>Click the element identified by ``locator``.</doc>
<msg timestamp="20220421 00:46:37.903" level="INFO">Clicking element '//*[@id="buy"]'.</msg>
<status status="PASS" starttime="20220421 00:46:37.902" endtime="20220421 00:46:38.010"/>
</kw>
<kw name="Sleep" library="BuiltIn">
<arg>3s</arg>
<doc>Pauses the test executed for the given time.</doc>
<msg timestamp="20220421 00:46:41.026" level="INFO">Slept 3 seconds</msg>
<status status="PASS" starttime="20220421 00:46:38.010" endtime="20220421 00:46:41.026"/>
</kw>
<kw name="Click Element" library="Selenium2Library">
<arg>${button_oncash}</arg>
<doc>Click the element identified by ``locator``.</doc>
<msg timestamp="20220421 00:46:41.028" level="INFO">Clicking element '//*[@id="oncash"]'.</msg>
<status status="PASS" starttime="20220421 00:46:41.027" endtime="20220421 00:46:41.237"/>
</kw>
<kw name="Sleep" library="BuiltIn">
<arg>3s</arg>
<doc>Pauses the test executed for the given time.</doc>
<msg timestamp="20220421 00:46:44.250" level="INFO">Slept 3 seconds</msg>
<status status="PASS" starttime="20220421 00:46:41.239" endtime="20220421 00:46:44.250"/>
</kw>
<kw name="Input Text" library="Selenium2Library">
<arg>${textbox_name}</arg>
<arg>${EMPTY}</arg>
<doc>Types the given ``text`` into the text field identified by ``locator``.</doc>
<msg timestamp="20220421 00:46:44.254" level="INFO">Typing text '' into text field '//*[@id="name"]'.</msg>
<status status="PASS" starttime="20220421 00:46:44.251" endtime="20220421 00:46:44.434"/>
</kw>
<kw name="Input Text" library="Selenium2Library">
<arg>${textbox_surname}</arg>
<arg>${EMPTY}</arg>
<doc>Types the given ``text`` into the text field identified by ``locator``.</doc>
<msg timestamp="20220421 00:46:44.437" level="INFO">Typing text '' into text field '//*[@id="surname"]'.</msg>
<status status="PASS" starttime="20220421 00:46:44.435" endtime="20220421 00:46:44.576"/>
</kw>
<kw name="Input Text" library="Selenium2Library">
<arg>${textbox_tel}</arg>
<arg>${EMPTY}</arg>
<doc>Types the given ``text`` into the text field identified by ``locator``.</doc>
<msg timestamp="20220421 00:46:44.578" level="INFO">Typing text '' into text field '//*[@id="tel"]'.</msg>
<status status="PASS" starttime="20220421 00:46:44.577" endtime="20220421 00:46:44.711"/>
</kw>
<kw name="Input Text" library="Selenium2Library">
<arg>${textbox_addr}</arg>
<arg>17/4 หมู่ 5 ต.หนองขยาด อ.พนัสนิคม จ.ชลบุรี 20140</arg>
<doc>Types the given ``text`` into the text field identified by ``locator``.</doc>
<msg timestamp="20220421 00:46:44.713" level="INFO">Typing text '17/4 หมู่ 5 ต.หนองขยาด อ.พนัสนิคม จ.ชลบุรี 20140' into text field '//*[@id="addr"]'.</msg>
<status status="PASS" starttime="20220421 00:46:44.712" endtime="20220421 00:46:45.026"/>
</kw>
<kw name="Click Element" library="Selenium2Library">
<arg>${button_order}</arg>
<doc>Click the element identified by ``locator``.</doc>
<msg timestamp="20220421 00:46:45.027" level="INFO">Clicking element '//*[@id="order"]'.</msg>
<status status="PASS" starttime="20220421 00:46:45.027" endtime="20220421 00:46:45.109"/>
</kw>
<kw name="Sleep" library="BuiltIn">
<arg>5s</arg>
<doc>Pauses the test executed for the given time.</doc>
<msg timestamp="20220421 00:46:50.117" level="INFO">Slept 5 seconds</msg>
<status status="PASS" starttime="20220421 00:46:45.110" endtime="20220421 00:46:50.117"/>
</kw>
<kw name="Title Should Be" library="Selenium2Library">
<arg>Cart</arg>
<doc>Verifies that the current page title equals ``title``.</doc>
<msg timestamp="20220421 00:46:50.130" level="INFO">Page title is 'Cart'.</msg>
<status status="PASS" starttime="20220421 00:46:50.118" endtime="20220421 00:46:50.130"/>
</kw>
<kw name="Close Browser" library="Selenium2Library" type="TEARDOWN">
<doc>Closes the current browser.</doc>
<status status="PASS" starttime="20220421 00:46:50.131" endtime="20220421 00:46:52.316"/>
</kw>
<tag>fail-case</tag>
<status status="PASS" starttime="20220421 00:46:32.600" endtime="20220421 00:46:52.317"/>
</test>
<test id="s1-t13" name="T0013 ใส่ข้อมูลเฉพาะแค่ชื่อและนามสกุล" line="216">
<kw name="Open Browser" library="Selenium2Library">
<arg>${url_form}</arg>
<arg>chrome</arg>
<doc>Opens a new browser instance to the optional ``url``.</doc>
<msg timestamp="20220421 00:46:52.326" level="INFO">Opening browser 'chrome' to base url 'http://localhost:3000/cart'.</msg>
<status status="PASS" starttime="20220421 00:46:52.325" endtime="20220421 00:46:54.621"/>
</kw>
<kw name="Sleep" library="BuiltIn">
<arg>3s</arg>
<doc>Pauses the test executed for the given time.</doc>
<msg timestamp="20220421 00:46:57.635" level="INFO">Slept 3 seconds</msg>
<status status="PASS" starttime="20220421 00:46:54.622" endtime="20220421 00:46:57.635"/>
</kw>
<kw name="Click Element" library="Selenium2Library">
<arg>${button_buy}</arg>
<doc>Click the element identified by ``locator``.</doc>
<msg timestamp="20220421 00:46:57.636" level="INFO">Clicking element '//*[@id="buy"]'.</msg>
<status status="PASS" starttime="20220421 00:46:57.636" endtime="20220421 00:46:57.704"/>
</kw>
<kw name="Sleep" library="BuiltIn">
<arg>3s</arg>
<doc>Pauses the test executed for the given time.</doc>
<msg timestamp="20220421 00:47:00.707" level="INFO">Slept 3 seconds</msg>
<status status="PASS" starttime="20220421 00:46:57.705" endtime="20220421 00:47:00.707"/>
</kw>
<kw name="Click Element" library="Selenium2Library">
<arg>${button_oncash}</arg>
<doc>Click the element identified by ``locator``.</doc>
<msg timestamp="20220421 00:47:00.708" level="INFO">Clicking element '//*[@id="oncash"]'.</msg>
<status status="PASS" starttime="20220421 00:47:00.708" endtime="20220421 00:47:00.914"/>
</kw>
<kw name="Sleep" library="BuiltIn">
<arg>3s</arg>
<doc>Pauses the test executed for the given time.</doc>
<msg timestamp="20220421 00:47:03.917" level="INFO">Slept 3 seconds</msg>
<status status="PASS" starttime="20220421 00:47:00.915" endtime="20220421 00:47:03.917"/>
</kw>
<kw name="Input Text" library="Selenium2Library">
<arg>${textbox_name}</arg>
<arg>จุฑารัตน์</arg>
<doc>Types the given ``text`` into the text field identified by ``locator``.</doc>
<msg timestamp="20220421 00:47:03.922" level="INFO">Typing text 'จุฑารัตน์' into text field '//*[@id="name"]'.</msg>
<status status="PASS" starttime="20220421 00:47:03.920" endtime="20220421 00:47:04.103"/>
</kw>
<kw name="Input Text" library="Selenium2Library">
<arg>${textbox_surname}</arg>
<arg>ดอนแสง</arg>
<doc>Types the given ``text`` into the text field identified by ``locator``.</doc>
<msg timestamp="20220421 00:47:04.104" level="INFO">Typing text 'ดอนแสง' into text field '//*[@id="surname"]'.</msg>
<status status="PASS" starttime="20220421 00:47:04.103" endtime="20220421 00:47:04.230"/>
</kw>
<kw name="Input Text" library="Selenium2Library">
<arg>${textbox_tel}</arg>
<arg>${EMPTY}</arg>
<doc>Types the given ``text`` into the text field identified by ``locator``.</doc>
<msg timestamp="20220421 00:47:04.232" level="INFO">Typing text '' into text field '//*[@id="tel"]'.</msg>
<status status="PASS" starttime="20220421 00:47:04.231" endtime="20220421 00:47:04.343"/>
</kw>
<kw name="Input Text" library="Selenium2Library">
<arg>${textbox_addr}</arg>
<arg>${EMPTY}</arg>
<doc>Types the given ``text`` into the text field identified by ``locator``.</doc>
<msg timestamp="20220421 00:47:04.346" level="INFO">Typing text '' into text field '//*[@id="addr"]'.</msg>
<status status="PASS" starttime="20220421 00:47:04.345" endtime="20220421 00:47:04.458"/>
</kw>
<kw name="Click Element" library="Selenium2Library">
<arg>${button_order}</arg>
<doc>Click the element identified by ``locator``.</doc>
<msg timestamp="20220421 00:47:04.460" level="INFO">Clicking element '//*[@id="order"]'.</msg>
<status status="PASS" starttime="20220421 00:47:04.459" endtime="20220421 00:47:04.518"/>
</kw>
<kw name="Sleep" library="BuiltIn">
<arg>5s</arg>
<doc>Pauses the test executed for the given time.</doc>
<msg timestamp="20220421 00:47:09.533" level="INFO">Slept 5 seconds</msg>
<status status="PASS" starttime="20220421 00:47:04.519" endtime="20220421 00:47:09.533"/>
</kw>
<kw name="Title Should Be" library="Selenium2Library">
<arg>Cart</arg>
<doc>Verifies that the current page title equals ``title``.</doc>
<msg timestamp="20220421 00:47:09.545" level="INFO">Page title is 'Cart'.</msg>
<status status="PASS" starttime="20220421 00:47:09.533" endtime="20220421 00:47:09.545"/>
</kw>
<kw name="Close Browser" library="Selenium2Library" type="TEARDOWN">
<doc>Closes the current browser.</doc>
<status status="PASS" starttime="20220421 00:47:09.547" endtime="20220421 00:47:11.730"/>
</kw>
<tag>fail-case</tag>
<status status="PASS" starttime="20220421 00:46:52.320" endtime="20220421 00:47:11.731"/>
</test>
<test id="s1-t14" name="T0014 ใส่ข้อมูลเฉพาะแค่ชื่อและเบอร์โทร" line="232">
<kw name="Open Browser" library="Selenium2Library">
<arg>${url_form}</arg>
<arg>chrome</arg>
<doc>Opens a new browser instance to the optional ``url``.</doc>
<msg timestamp="20220421 00:47:11.740" level="INFO">Opening browser 'chrome' to base url 'http://localhost:3000/cart'.</msg>
<status status="PASS" starttime="20220421 00:47:11.738" endtime="20220421 00:47:14.034"/>
</kw>
<kw name="Sleep" library="BuiltIn">
<arg>3s</arg>
<doc>Pauses the test executed for the given time.</doc>
<msg timestamp="20220421 00:47:17.035" level="INFO">Slept 3 seconds</msg>
<status status="PASS" starttime="20220421 00:47:14.035" endtime="20220421 00:47:17.035"/>
</kw>
<kw name="Click Element" library="Selenium2Library">
<arg>${button_buy}</arg>
<doc>Click the element identified by ``locator``.</doc>
<msg timestamp="20220421 00:47:17.037" level="INFO">Clicking element '//*[@id="buy"]'.</msg>
<status status="PASS" starttime="20220421 00:47:17.036" endtime="20220421 00:47:17.125"/>
</kw>
<kw name="Sleep" library="BuiltIn">
<arg>3s</arg>
<doc>Pauses the test executed for the given time.</doc>
<msg timestamp="20220421 00:47:20.128" level="INFO">Slept 3 seconds</msg>
<status status="PASS" starttime="20220421 00:47:17.126" endtime="20220421 00:47:20.128"/>
</kw>
<kw name="Click Element" library="Selenium2Library">
<arg>${button_oncash}</arg>
<doc>Click the element identified by ``locator``.</doc>
<msg timestamp="20220421 00:47:20.129" level="INFO">Clicking element '//*[@id="oncash"]'.</msg>
<status status="PASS" starttime="20220421 00:47:20.129" endtime="20220421 00:47:20.343"/>
</kw>
<kw name="Sleep" library="BuiltIn">
<arg>3s</arg>
<doc>Pauses the test executed for the given time.</doc>
<msg timestamp="20220421 00:47:23.347" level="INFO">Slept 3 seconds</msg>
<status status="PASS" starttime="20220421 00:47:20.345" endtime="20220421 00:47:23.347"/>
</kw>
<kw name="Input Text" library="Selenium2Library">
<arg>${textbox_name}</arg>
<arg>จุฑารัตน์</arg>
<doc>Types the given ``text`` into the text field identified by ``locator``.</doc>
<msg timestamp="20220421 00:47:23.350" level="INFO">Typing text 'จุฑารัตน์' into text field '//*[@id="name"]'.</msg>
<status status="PASS" starttime="20220421 00:47:23.348" endtime="20220421 00:47:23.581"/>
</kw>
<kw name="Input Text" library="Selenium2Library">
<arg>${textbox_surname}</arg>
<arg>${EMPTY}</arg>
<doc>Types the given ``text`` into the text field identified by ``locator``.</doc>
<msg timestamp="20220421 00:47:23.584" level="INFO">Typing text '' into text field '//*[@id="surname"]'.</msg>
<status status="PASS" starttime="20220421 00:47:23.582" endtime="20220421 00:47:23.734"/>
</kw>
<kw name="Input Text" library="Selenium2Library">
<arg>${textbox_tel}</arg>
<arg>0820567554</arg>
<doc>Types the given ``text`` into the text field identified by ``locator``.</doc>
<msg timestamp="20220421 00:47:23.737" level="INFO">Typing text '0820567554' into text field '//*[@id="tel"]'.</msg>
<status status="PASS" starttime="20220421 00:47:23.736" endtime="20220421 00:47:23.911"/>
</kw>
<kw name="Input Text" library="Selenium2Library">
<arg>${textbox_addr}</arg>
<arg>${EMPTY}</arg>
<doc>Types the given ``text`` into the text field identified by ``locator``.</doc>
<msg timestamp="20220421 00:47:23.914" level="INFO">Typing text '' into text field '//*[@id="addr"]'.</msg>
<status status="PASS" starttime="20220421 00:47:23.912" endtime="20220421 00:47:24.038"/>
</kw>
<kw name="Click Element" library="Selenium2Library">
<arg>${button_order}</arg>
<doc>Click the element identified by ``locator``.</doc>
<msg timestamp="20220421 00:47:24.040" level="INFO">Clicking element '//*[@id="order"]'.</msg>
<status status="PASS" starttime="20220421 00:47:24.039" endtime="20220421 00:47:24.114"/>
</kw>
<kw name="Sleep" library="BuiltIn">
<arg>5s</arg>
<doc>Pauses the test executed for the given time.</doc>
<msg timestamp="20220421 00:47:29.119" level="INFO">Slept 5 seconds</msg>
<status status="PASS" starttime="20220421 00:47:24.115" endtime="20220421 00:47:29.119"/>
</kw>
<kw name="Title Should Be" library="Selenium2Library">
<arg>Cart</arg>
<doc>Verifies that the current page title equals ``title``.</doc>
<msg timestamp="20220421 00:47:29.189" level="INFO">Page title is 'Cart'.</msg>
<status status="PASS" starttime="20220421 00:47:29.121" endtime="20220421 00:47:29.189"/>
</kw>
<kw name="Close Browser" library="Selenium2Library" type="TEARDOWN">
<doc>Closes the current browser.</doc>
<status status="PASS" starttime="20220421 00:47:29.192" endtime="20220421 00:47:31.383"/>
</kw>
<tag>fail-case</tag>
<status status="PASS" starttime="20220421 00:47:11.734" endtime="20220421 00:47:31.383"/>
</test>
<test id="s1-t15" name="T0015 ใส่ข้อมูลเฉพาะแค่ชื่อและที่อยู่" line="248">
<kw name="Open Browser" library="Selenium2Library">
<arg>${url_form}</arg>
<arg>chrome</arg>
<doc>Opens a new browser instance to the optional ``url``.</doc>
<msg timestamp="20220421 00:47:31.392" level="INFO">Opening browser 'chrome' to base url 'http://localhost:3000/cart'.</msg>
<status status="PASS" starttime="20220421 00:47:31.392" endtime="20220421 00:47:33.746"/>
</kw>
<kw name="Sleep" library="BuiltIn">
<arg>3s</arg>
<doc>Pauses the test executed for the given time.</doc>
<msg timestamp="20220421 00:47:36.764" level="INFO">Slept 3 seconds</msg>
<status status="PASS" starttime="20220421 00:47:33.749" endtime="20220421 00:47:36.764"/>
</kw>
<kw name="Click Element" library="Selenium2Library">
<arg>${button_buy}</arg>
<doc>Click the element identified by ``locator``.</doc>
<msg timestamp="20220421 00:47:36.766" level="INFO">Clicking element '//*[@id="buy"]'.</msg>
<status status="PASS" starttime="20220421 00:47:36.765" endtime="20220421 00:47:36.873"/>
</kw>
<kw name="Sleep" library="BuiltIn">
<arg>3s</arg>
<doc>Pauses the test executed for the given time.</doc>
<msg timestamp="20220421 00:47:39.877" level="INFO">Slept 3 seconds</msg>
<status status="PASS" starttime="20220421 00:47:36.874" endtime="20220421 00:47:39.877"/>
</kw>
<kw name="Click Element" library="Selenium2Library">
<arg>${button_oncash}</arg>
<doc>Click the element identified by ``locator``.</doc>
<msg timestamp="20220421 00:47:39.879" level="INFO">Clicking element '//*[@id="oncash"]'.</msg>
<status status="PASS" starttime="20220421 00:47:39.878" endtime="20220421 00:47:40.098"/>
</kw>
<kw name="Sleep" library="BuiltIn">
<arg>3s</arg>
<doc>Pauses the test executed for the given time.</doc>
<msg timestamp="20220421 00:47:43.108" level="INFO">Slept 3 seconds</msg>
<status status="PASS" starttime="20220421 00:47:40.099" endtime="20220421 00:47:43.108"/>
</kw>
<kw name="Input Text" library="Selenium2Library">
<arg>${textbox_name}</arg>
<arg>จุฑารัตน์</arg>
<doc>Types the given ``text`` into the text field identified by ``locator``.</doc>
<msg timestamp="20220421 00:47:43.110" level="INFO">Typing text 'จุฑารัตน์' into text field '//*[@id="name"]'.</msg>
<status status="PASS" starttime="20220421 00:47:43.109" endtime="20220421 00:47:43.339"/>
</kw>
<kw name="Input Text" library="Selenium2Library">
<arg>${textbox_surname}</arg>
<arg>${EMPTY}</arg>
<doc>Types the given ``text`` into the text field identified by ``locator``.</doc>
<msg timestamp="20220421 00:47:43.343" level="INFO">Typing text '' into text field '//*[@id="surname"]'.</msg>
<status status="PASS" starttime="20220421 00:47:43.341" endtime="20220421 00:47:43.485"/>
</kw>
<kw name="Input Text" library="Selenium2Library">
<arg>${textbox_tel}</arg>
<arg>${EMPTY}</arg>
<doc>Types the given ``text`` into the text field identified by ``locator``.</doc>
<msg timestamp="20220421 00:47:43.487" level="INFO">Typing text '' into text field '//*[@id="tel"]'.</msg>
<status status="PASS" starttime="20220421 00:47:43.486" endtime="20220421 00:47:43.625"/>
</kw>
<kw name="Input Text" library="Selenium2Library">
<arg>${textbox_addr}</arg>
<arg>17/4 หมู่ 5 ต.หนองขยาด อ.พนัสนิคม จ.ชลบุรี 20140</arg>
<doc>Types the given ``text`` into the text field identified by ``locator``.</doc>
<msg timestamp="20220421 00:47:43.627" level="INFO">Typing text '17/4 หมู่ 5 ต.หนองขยาด อ.พนัสนิคม จ.ชลบุรี 20140' into text field '//*[@id="addr"]'.</msg>
<status status="PASS" starttime="20220421 00:47:43.626" endtime="20220421 00:47:43.921"/>
</kw>
<kw name="Click Element" library="Selenium2Library">
<arg>${button_order}</arg>
<doc>Click the element identified by ``locator``.</doc>
<msg timestamp="20220421 00:47:43.922" level="INFO">Clicking element '//*[@id="order"]'.</msg>
<status status="PASS" starttime="20220421 00:47:43.921" endtime="20220421 00:47:43.973"/>
</kw>
<kw name="Sleep" library="BuiltIn">
<arg>5s</arg>
<doc>Pauses the test executed for the given time.</doc>
<msg timestamp="20220421 00:47:48.985" level="INFO">Slept 5 seconds</msg>
<status status="PASS" starttime="20220421 00:47:43.973" endtime="20220421 00:47:48.985"/>
</kw>
<kw name="Title Should Be" library="Selenium2Library">
<arg>Cart</arg>
<doc>Verifies that the current page title equals ``title``.</doc>
<msg timestamp="20220421 00:47:48.997" level="INFO">Page title is 'Cart'.</msg>
<status status="PASS" starttime="20220421 00:47:48.986" endtime="20220421 00:47:48.998"/>
</kw>
<kw name="Close Browser" library="Selenium2Library" type="TEARDOWN">
<doc>Closes the current browser.</doc>
<status status="PASS" starttime="20220421 00:47:48.999" endtime="20220421 00:47:51.194"/>
</kw>
<tag>fail-case</tag>
<status status="PASS" starttime="20220421 00:47:31.387" endtime="20220421 00:47:51.195"/>
</test>
<test id="s1-t16" name="T0016 ใส่ข้อมูลเฉพาะแค่นามสกุลและเบอร์โทร" line="264">
<kw name="Open Browser" library="Selenium2Library">
<arg>${url_form}</arg>
<arg>chrome</arg>
<doc>Opens a new browser instance to the optional ``url``.</doc>
<msg timestamp="20220421 00:47:51.204" level="INFO">Opening browser 'chrome' to base url 'http://localhost:3000/cart'.</msg>
<status status="PASS" starttime="20220421 00:47:51.203" endtime="20220421 00:47:53.329"/>
</kw>
<kw name="Sleep" library="BuiltIn">
<arg>3s</arg>
<doc>Pauses the test executed for the given time.</doc>
<msg timestamp="20220421 00:47:56.334" level="INFO">Slept 3 seconds</msg>
<status status="PASS" starttime="20220421 00:47:53.330" endtime="20220421 00:47:56.334"/>
</kw>
<kw name="Click Element" library="Selenium2Library">
<arg>${button_buy}</arg>
<doc>Click the element identified by ``locator``.</doc>
<msg timestamp="20220421 00:47:56.336" level="INFO">Clicking element '//*[@id="buy"]'.</msg>
<status status="PASS" starttime="20220421 00:47:56.335" endtime="20220421 00:47:56.445"/>
</kw>
<kw name="Sleep" library="BuiltIn">
<arg>3s</arg>
<doc>Pauses the test executed for the given time.</doc>
<msg timestamp="20220421 00:47:59.447" level="INFO">Slept 3 seconds</msg>
<status status="PASS" starttime="20220421 00:47:56.447" endtime="20220421 00:47:59.447"/>
</kw>
<kw name="Click Element" library="Selenium2Library">
<arg>${button_oncash}</arg>
<doc>Click the element identified by ``locator``.</doc>
<msg timestamp="20220421 00:47:59.449" level="INFO">Clicking element '//*[@id="oncash"]'.</msg>
<status status="PASS" starttime="20220421 00:47:59.448" endtime="20220421 00:47:59.640"/>
</kw>
<kw name="Sleep" library="BuiltIn">
<arg>3s</arg>
<doc>Pauses the test executed for the given time.</doc>
<msg timestamp="20220421 00:48:02.651" level="INFO">Slept 3 seconds</msg>
<status status="PASS" starttime="20220421 00:47:59.641" endtime="20220421 00:48:02.651"/>
</kw>
<kw name="Input Text" library="Selenium2Library">
<arg>${textbox_name}</arg>
<arg>${EMPTY}</arg>
<doc>Types the given ``text`` into the text field identified by ``locator``.</doc>
<msg timestamp="20220421 00:48:02.656" level="INFO">Typing text '' into text field '//*[@id="name"]'.</msg>
<status status="PASS" starttime="20220421 00:48:02.654" endtime="20220421 00:48:02.799"/>
</kw>
<kw name="Input Text" library="Selenium2Library">
<arg>${textbox_surname}</arg>
<arg>ดอนแสง</arg>
<doc>Types the given ``text`` into the text field identified by ``locator``.</doc>
<msg timestamp="20220421 00:48:02.801" level="INFO">Typing text 'ดอนแสง' into text field '//*[@id="surname"]'.</msg>
<status status="PASS" starttime="20220421 00:48:02.800" endtime="20220421 00:48:02.965"/>
</kw>
<kw name="Input Text" library="Selenium2Library">
<arg>${textbox_tel}</arg>
<arg>0820567554</arg>
<doc>Types the given ``text`` into the text field identified by ``locator``.</doc>
<msg timestamp="20220421 00:48:02.967" level="INFO">Typing text '0820567554' into text field '//*[@id="tel"]'.</msg>
<status status="PASS" starttime="20220421 00:48:02.966" endtime="20220421 00:48:03.113"/>
</kw>
<kw name="Input Text" library="Selenium2Library">
<arg>${textbox_addr}</arg>
<arg>${EMPTY}</arg>
<doc>Types the given ``text`` into the text field identified by ``locator``.</doc>
<msg timestamp="20220421 00:48:03.115" level="INFO">Typing text '' into text field '//*[@id="addr"]'.</msg>
<status status="PASS" starttime="20220421 00:48:03.114" endtime="20220421 00:48:03.212"/>
</kw>
<kw name="Click Element" library="Selenium2Library">
<arg>${button_order}</arg>
<doc>Click the element identified by ``locator``.</doc>
<msg timestamp="20220421 00:48:03.214" level="INFO">Clicking element '//*[@id="order"]'.</msg>
<status status="PASS" starttime="20220421 00:48:03.212" endtime="20220421 00:48:03.270"/>
</kw>
<kw name="Sleep" library="BuiltIn">
<arg>5s</arg>
<doc>Pauses the test executed for the given time.</doc>
<msg timestamp="20220421 00:48:08.277" level="INFO">Slept 5 seconds</msg>
<status status="PASS" starttime="20220421 00:48:03.271" endtime="20220421 00:48:08.278"/>
</kw>
<kw name="Title Should Be" library="Selenium2Library">
<arg>Cart</arg>
<doc>Verifies that the current page title equals ``title``.</doc>
<msg timestamp="20220421 00:48:08.303" level="INFO">Page title is 'Cart'.</msg>
<status status="PASS" starttime="20220421 00:48:08.286" endtime="20220421 00:48:08.303"/>
</kw>
<kw name="Close Browser" library="Selenium2Library" type="TEARDOWN">
<doc>Closes the current browser.</doc>
<status status="PASS" starttime="20220421 00:48:08.305" endtime="20220421 00:48:10.522"/>
</kw>
<tag>fail-case</tag>
<status status="PASS" starttime="20220421 00:47:51.198" endtime="20220421 00:48:10.524"/>
</test>
<test id="s1-t17" name="T0017 ใส่ข้อมูลเฉพาะแค่นามสกุลและที่อยู่" line="280">
<kw name="Open Browser" library="Selenium2Library">
<arg>${url_form}</arg>
<arg>chrome</arg>
<doc>Opens a new browser instance to the optional ``url``.</doc>
<msg timestamp="20220421 00:48:10.536" level="INFO">Opening browser 'chrome' to base url 'http://localhost:3000/cart'.</msg>
<status status="PASS" starttime="20220421 00:48:10.535" endtime="20220421 00:48:12.845"/>
</kw>
<kw name="Sleep" library="BuiltIn">
<arg>3s</arg>
<doc>Pauses the test executed for the given time.</doc>
<msg timestamp="20220421 00:48:15.852" level="INFO">Slept 3 seconds</msg>
<status status="PASS" starttime="20220421 00:48:12.846" endtime="20220421 00:48:15.853"/>
</kw>
<kw name="Click Element" library="Selenium2Library">
<arg>${button_buy}</arg>
<doc>Click the element identified by ``locator``.</doc>
<msg timestamp="20220421 00:48:15.855" level="INFO">Clicking element '//*[@id="buy"]'.</msg>
<status status="PASS" starttime="20220421 00:48:15.854" endtime="20220421 00:48:15.962"/>
</kw>
<kw name="Sleep" library="BuiltIn">
<arg>3s</arg>
<doc>Pauses the test executed for the given time.</doc>
<msg timestamp="20220421 00:48:18.972" level="INFO">Slept 3 seconds</msg>
<status status="PASS" starttime="20220421 00:48:15.963" endtime="20220421 00:48:18.972"/>
</kw>
<kw name="Click Element" library="Selenium2Library">
<arg>${button_oncash}</arg>
<doc>Click the element identified by ``locator``.</doc>
<msg timestamp="20220421 00:48:18.974" level="INFO">Clicking element '//*[@id="oncash"]'.</msg>
<status status="PASS" starttime="20220421 00:48:18.973" endtime="20220421 00:48:19.202"/>
</kw>
<kw name="Sleep" library="BuiltIn">
<arg>3s</arg>
<doc>Pauses the test executed for the given time.</doc>
<msg timestamp="20220421 00:48:22.215" level="INFO">Slept 3 seconds</msg>
<status status="PASS" starttime="20220421 00:48:19.203" endtime="20220421 00:48:22.215"/>
</kw>
<kw name="Input Text" library="Selenium2Library">
<arg>${textbox_name}</arg>
<arg>${EMPTY}</arg>
<doc>Types the given ``text`` into the text field identified by ``locator``.</doc>
<msg timestamp="20220421 00:48:22.218" level="INFO">Typing text '' into text field '//*[@id="name"]'.</msg>
<status status="PASS" starttime="20220421 00:48:22.216" endtime="20220421 00:48:22.383"/>
</kw>
<kw name="Input Text" library="Selenium2Library">
<arg>${textbox_surname}</arg>
<arg>ดอนแสง</arg>
<doc>Types the given ``text`` into the text field identified by ``locator``.</doc>
<msg timestamp="20220421 00:48:22.385" level="INFO">Typing text 'ดอนแสง' into text field '//*[@id="surname"]'.</msg>
<status status="PASS" starttime="20220421 00:48:22.384" endtime="20220421 00:48:22.568"/>
</kw>
<kw name="Input Text" library="Selenium2Library">
<arg>${textbox_tel}</arg>
<arg>${EMPTY}</arg>
<doc>Types the given ``text`` into the text field identified by ``locator``.</doc>
<msg timestamp="20220421 00:48:22.571" level="INFO">Typing text '' into text field '//*[@id="tel"]'.</msg>
<status status="PASS" starttime="20220421 00:48:22.569" endtime="20220421 00:48:22.703"/>
</kw>
<kw name="Input Text" library="Selenium2Library">
<arg>${textbox_addr}</arg>
<arg>17/4 หมู่ 5 ต.หนองขยาด อ.พนัสนิคม จ.ชลบุรี 20140</arg>
<doc>Types the given ``text`` into the text field identified by ``locator``.</doc>
<msg timestamp="20220421 00:48:22.706" level="INFO">Typing text '17/4 หมู่ 5 ต.หนองขยาด อ.พนัสนิคม จ.ชลบุรี 20140' into text field '//*[@id="addr"]'.</msg>
<status status="PASS" starttime="20220421 00:48:22.705" endtime="20220421 00:48:23.000"/>
</kw>
<kw name="Click Element" library="Selenium2Library">
<arg>${button_order}</arg>
<doc>Click the element identified by ``locator``.</doc>
<msg timestamp="20220421 00:48:23.002" level="INFO">Clicking element '//*[@id="order"]'.</msg>
[...]
</kw>
<kw name="Sleep" library="BuiltIn">
<arg>3s</arg>
<doc>Pauses the test executed for the given time.</doc>
<msg timestamp="20220421 01:09:17.486" level="INFO">Slept 3 seconds</msg>
<status status="PASS" starttime="20220421 01:09:14.473" endtime="20220421 01:09:17.486"/>
</kw>
<kw name="Click Element" library="Selenium2Library">
<arg>${button_oncash}</arg>
<doc>Click the element identified by ``locator``.</doc>
<msg timestamp="20220421 01:09:17.487" level="INFO">Clicking element '//*[@id="oncash"]'.</msg>
<status status="PASS" starttime="20220421 01:09:17.487" endtime="20220421 01:09:17.670"/>
</kw>
<kw name="Sleep" library="BuiltIn">
<arg>3s</arg>
<doc>Pauses the test executed for the given time.</doc>
<msg timestamp="20220421 01:09:20.686" level="INFO">Slept 3 seconds</msg>
<status status="PASS" starttime="20220421 01:09:17.672" endtime="20220421 01:09:20.686"/>
</kw>
<kw name="Input Text" library="Selenium2Library">
<arg>${textbox_name}</arg>
<arg>จุฑารัตน์</arg>
<doc>Types the given ``text`` into the text field identified by ``locator``.</doc>
<msg timestamp="20220421 01:09:20.690" level="INFO">Typing text 'จุฑารัตน์' into text field '//*[@id="name"]'.</msg>
<status status="PASS" starttime="20220421 01:09:20.689" endtime="20220421 01:09:20.854"/>
</kw>
<kw name="Input Text" library="Selenium2Library">
<arg>${textbox_surname}</arg>
<arg>ดอนแสง</arg>
<doc>Types the given ``text`` into the text field identified by ``locator``.</doc>
<msg timestamp="20220421 01:09:20.855" level="INFO">Typing text 'ดอนแสง' into text field '//*[@id="surname"]'.</msg>
<status status="PASS" starttime="20220421 01:09:20.855" endtime="20220421 01:09:20.974"/>
</kw>
<kw name="Input Text" library="Selenium2Library">
<arg>${textbox_tel}</arg>
<arg>0820567554</arg>
<doc>Types the given ``text`` into the text field identified by ``locator``.</doc>
<msg timestamp="20220421 01:09:20.975" level="INFO">Typing text '0820567554' into text field '//*[@id="tel"]'.</msg>
<status status="PASS" starttime="20220421 01:09:20.974" endtime="20220421 01:09:21.116"/>
</kw>
<kw name="Input Text" library="Selenium2Library">
<arg>${textbox_addr}</arg>
<arg>ะผกเาวะกผย่ืวกผิเวทผกิเนว่ทผกิดงสทกสทดิาทก้ิน่ทากดาดิ่อ่ด่ดำรดแแรไก่ก่ก่ดดเด่พำระพะรำไไนำนไพนรไเพรอืแหแปผปิสทกสปด้ทสทิสกทสปทแปดเสิทกิดสทปสดิทสหกทด้ิสทกาเด้ทืาาสาหกาฟแนีาไนรแฟแส้่ืไดแก้เฟแกฟกแด้แกแไก้</arg>
<doc>Types the given ``text`` into the text field identified by ``locator``.</doc>
<msg timestamp="20220421 01:09:21.118" level="INFO">Typing text 'ะผกเาวะกผย่ืวกผิเวทผกิเนว่ทผกิดงสทกสทดิาทก้ิน่ทากดาดิ่อ่ด่ดำรดแแรไก่ก่ก่ดดเด่พำระพะรำไไนำนไพนรไเพรอืแหแปผปิสทกสปด้ทสทิสกทสปทแปดเสิทกิดสทปสดิทสหกทด้ิสทกาเด้ทืาาสาหกาฟแนีาไนรแฟแส้่ืไดแก้เฟแกฟกแด้แกแไก้' into text field '//*[@id="addr"]'.</msg>
<status status="PASS" starttime="20220421 01:09:21.117" endtime="20220421 01:09:21.634"/>
</kw>
<kw name="Click Element" library="Selenium2Library">
<arg>${button_order}</arg>
<doc>Click the element identified by ``locator``.</doc>
<msg timestamp="20220421 01:09:21.635" level="INFO">Clicking element '//*[@id="order"]'.</msg>
<status status="PASS" starttime="20220421 01:09:21.635" endtime="20220421 01:09:21.696"/>
</kw>
<kw name="Sleep" library="BuiltIn">
<arg>5s</arg>
<doc>Pauses the test executed for the given time.</doc>
<msg timestamp="20220421 01:09:26.709" level="INFO">Slept 5 seconds</msg>
<status status="PASS" starttime="20220421 01:09:21.697" endtime="20220421 01:09:26.709"/>
</kw>
<kw name="Title Should Be" library="Selenium2Library">
<arg>Order</arg>
<doc>Verifies that the current page title equals ``title``.</doc>
<msg timestamp="20220421 01:09:26.732" level="INFO">Page title is 'Order'.</msg>
<status status="PASS" starttime="20220421 01:09:26.710" endtime="20220421 01:09:26.732"/>
</kw>
<kw name="Close Browser" library="Selenium2Library" type="TEARDOWN">
<doc>Closes the current browser.</doc>
<status status="PASS" starttime="20220421 01:09:26.733" endtime="20220421 01:09:28.917"/>
</kw>
<tag>successful-case</tag>
<status status="PASS" starttime="20220421 01:09:09.113" endtime="20220421 01:09:28.918"/>
</test>
<test id="s1-t82" name="T0082 ใส่ที่อยู่เป็นตัวอักษรจำนวน200ตัว" line="1320">
<kw name="Open Browser" library="Selenium2Library">
<arg>${url_form}</arg>
<arg>chrome</arg>
<doc>Opens a new browser instance to the optional ``url``.</doc>
<msg timestamp="20220421 01:09:28.927" level="INFO">Opening browser 'chrome' to base url 'http://localhost:3000/cart'.</msg>
<status status="PASS" starttime="20220421 01:09:28.926" endtime="20220421 01:09:31.106"/>
</kw>
<kw name="Sleep" library="BuiltIn">
<arg>3s</arg>
<doc>Pauses the test executed for the given time.</doc>
<msg timestamp="20220421 01:09:34.110" level="INFO">Slept 3 seconds</msg>
<status status="PASS" starttime="20220421 01:09:31.107" endtime="20220421 01:09:34.110"/>
</kw>
<kw name="Click Element" library="Selenium2Library">
<arg>${button_buy}</arg>
<doc>Click the element identified by ``locator``.</doc>
<msg timestamp="20220421 01:09:34.112" level="INFO">Clicking element '//*[@id="buy"]'.</msg>
<status status="PASS" starttime="20220421 01:09:34.111" endtime="20220421 01:09:34.219"/>
</kw>
<kw name="Sleep" library="BuiltIn">
<arg>3s</arg>
<doc>Pauses the test executed for the given time.</doc>
<msg timestamp="20220421 01:09:37.225" level="INFO">Slept 3 seconds</msg>
<status status="PASS" starttime="20220421 01:09:34.221" endtime="20220421 01:09:37.225"/>
</kw>
<kw name="Click Element" library="Selenium2Library">
<arg>${button_oncash}</arg>
<doc>Click the element identified by ``locator``.</doc>
<msg timestamp="20220421 01:09:37.226" level="INFO">Clicking element '//*[@id="oncash"]'.</msg>
<status status="PASS" starttime="20220421 01:09:37.226" endtime="20220421 01:09:37.444"/>
</kw>
<kw name="Sleep" library="BuiltIn">
<arg>3s</arg>
<doc>Pauses the test executed for the given time.</doc>
<msg timestamp="20220421 01:09:40.454" level="INFO">Slept 3 seconds</msg>
<status status="PASS" starttime="20220421 01:09:37.446" endtime="20220421 01:09:40.454"/>
</kw>
<kw name="Input Text" library="Selenium2Library">
<arg>${textbox_name}</arg>
<arg>จุฑารัตน์</arg>
<doc>Types the given ``text`` into the text field identified by ``locator``.</doc>
<msg timestamp="20220421 01:09:40.456" level="INFO">Typing text 'จุฑารัตน์' into text field '//*[@id="name"]'.</msg>
<status status="PASS" starttime="20220421 01:09:40.455" endtime="20220421 01:09:40.692"/>
</kw>
<kw name="Input Text" library="Selenium2Library">
<arg>${textbox_surname}</arg>
<arg>ดอนแสง</arg>
<doc>Types the given ``text`` into the text field identified by ``locator``.</doc>
<msg timestamp="20220421 01:09:40.695" level="INFO">Typing text 'ดอนแสง' into text field '//*[@id="surname"]'.</msg>
<status status="PASS" starttime="20220421 01:09:40.694" endtime="20220421 01:09:40.866"/>
</kw>
<kw name="Input Text" library="Selenium2Library">
<arg>${textbox_tel}</arg>
<arg>0820567554</arg>
<doc>Types the given ``text`` into the text field identified by ``locator``.</doc>
<msg timestamp="20220421 01:09:40.867" level="INFO">Typing text '0820567554' into text field '//*[@id="tel"]'.</msg>
<status status="PASS" starttime="20220421 01:09:40.867" endtime="20220421 01:09:41.038"/>
</kw>
<kw name="Input Text" library="Selenium2Library">
<arg>${textbox_addr}</arg>
<arg>ะผกเาวะกผย่ืวกผิเวทผกิเนว่ทผกิดงสทกสทดิาทก้ิน่ทากดาดิ่อ่ด่ดำรดแแรไก่ก่ก่ดดเด่พำระพะรำไไนำนไพนรไเพรอืแหแปผปิสทกสปด้ทสทิสกทสปทแปดเสิทกิดสทปสดิทสหกทด้ิสทกาเด้ทืาาสาหกาฟแนีาไนรแฟแส้่ืไดแก้เฟแกฟกแด้แกแไก้เ</arg>
<doc>Types the given ``text`` into the text field identified by ``locator``.</doc>
<msg timestamp="20220421 01:09:41.041" level="INFO">Typing text 'ะผกเาวะกผย่ืวกผิเวทผกิเนว่ทผกิดงสทกสทดิาทก้ิน่ทากดาดิ่อ่ด่ดำรดแแรไก่ก่ก่ดดเด่พำระพะรำไไนำนไพนรไเพรอืแหแปผปิสทกสปด้ทสทิสกทสปทแปดเสิทกิดสทปสดิทสหกทด้ิสทกาเด้ทืาาสาหกาฟแนีาไนรแฟแส้่ืไดแก้เฟแกฟกแด้แกแไก้เ' into text field '//*[@id="addr"]'.</msg>
<status status="PASS" starttime="20220421 01:09:41.040" endtime="20220421 01:09:41.578"/>
</kw>
<kw name="Click Element" library="Selenium2Library">
<arg>${button_order}</arg>
<doc>Click the element identified by ``locator``.</doc>
<msg timestamp="20220421 01:09:41.580" level="INFO">Clicking element '//*[@id="order"]'.</msg>
<status status="PASS" starttime="20220421 01:09:41.579" endtime="20220421 01:09:41.668"/>
</kw>
<kw name="Sleep" library="BuiltIn">
<arg>5s</arg>
<doc>Pauses the test executed for the given time.</doc>
<msg timestamp="20220421 01:09:46.683" level="INFO">Slept 5 seconds</msg>
<status status="PASS" starttime="20220421 01:09:41.669" endtime="20220421 01:09:46.683"/>
</kw>
<kw name="Title Should Be" library="Selenium2Library">
<arg>Order</arg>
<doc>Verifies that the current page title equals ``title``.</doc>
<msg timestamp="20220421 01:09:46.701" level="INFO">Page title is 'Order'.</msg>
<status status="PASS" starttime="20220421 01:09:46.684" endtime="20220421 01:09:46.701"/>
</kw>
<kw name="Close Browser" library="Selenium2Library" type="TEARDOWN">
<doc>Closes the current browser.</doc>
<status status="PASS" starttime="20220421 01:09:46.702" endtime="20220421 01:09:48.838"/>
</kw>
<tag>successful-case</tag>
<status status="PASS" starttime="20220421 01:09:28.921" endtime="20220421 01:09:48.839"/>
</test>
<test id="s1-t83" name="T0083 ใส่ที่อยู่เป็นตัวอักษรจำนวน201ตัว" line="1336">
<kw name="Open Browser" library="Selenium2Library">
<arg>${url_form}</arg>
<arg>chrome</arg>
<doc>Opens a new browser instance to the optional ``url``.</doc>
<msg timestamp="20220421 01:09:48.849" level="INFO">Opening browser 'chrome' to base url 'http://localhost:3000/cart'.</msg>
<status status="PASS" starttime="20220421 01:09:48.848" endtime="20220421 01:09:51.060"/>
</kw>
<kw name="Sleep" library="BuiltIn">
<arg>3s</arg>
<doc>Pauses the test executed for the given time.</doc>
<msg timestamp="20220421 01:09:54.071" level="INFO">Slept 3 seconds</msg>
<status status="PASS" starttime="20220421 01:09:51.061" endtime="20220421 01:09:54.071"/>
</kw>
<kw name="Click Element" library="Selenium2Library">
<arg>${button_buy}</arg>
<doc>Click the element identified by ``locator``.</doc>
<msg timestamp="20220421 01:09:54.073" level="INFO">Clicking element '//*[@id="buy"]'.</msg>
<status status="PASS" starttime="20220421 01:09:54.072" endtime="20220421 01:09:54.175"/>
</kw>
<kw name="Sleep" library="BuiltIn">
<arg>3s</arg>
<doc>Pauses the test executed for the given time.</doc>
<msg timestamp="20220421 01:09:57.181" level="INFO">Slept 3 seconds</msg>
<status status="PASS" starttime="20220421 01:09:54.176" endtime="20220421 01:09:57.181"/>
</kw>
<kw name="Click Element" library="Selenium2Library">
<arg>${button_oncash}</arg>
<doc>Click the element identified by ``locator``.</doc>
<msg timestamp="20220421 01:09:57.183" level="INFO">Clicking element '//*[@id="oncash"]'.</msg>
<status status="PASS" starttime="20220421 01:09:57.183" endtime="20220421 01:09:57.424"/>
</kw>
<kw name="Sleep" library="BuiltIn">
<arg>3s</arg>
<doc>Pauses the test executed for the given time.</doc>
<msg timestamp="20220421 01:10:00.442" level="INFO">Slept 3 seconds</msg>
<status status="PASS" starttime="20220421 01:09:57.425" endtime="20220421 01:10:00.442"/>
</kw>
<kw name="Input Text" library="Selenium2Library">
<arg>${textbox_name}</arg>
<arg>จุฑารัตน์</arg>
<doc>Types the given ``text`` into the text field identified by ``locator``.</doc>
<msg timestamp="20220421 01:10:00.445" level="INFO">Typing text 'จุฑารัตน์' into text field '//*[@id="name"]'.</msg>
<status status="PASS" starttime="20220421 01:10:00.444" endtime="20220421 01:10:00.674"/>
</kw>
<kw name="Input Text" library="Selenium2Library">
<arg>${textbox_surname}</arg>
<arg>ดอนแสง</arg>
<doc>Types the given ``text`` into the text field identified by ``locator``.</doc>
<msg timestamp="20220421 01:10:00.676" level="INFO">Typing text 'ดอนแสง' into text field '//*[@id="surname"]'.</msg>
<status status="PASS" starttime="20220421 01:10:00.675" endtime="20220421 01:10:00.841"/>
</kw>
<kw name="Input Text" library="Selenium2Library">
<arg>${textbox_tel}</arg>
<arg>0820567554</arg>
<doc>Types the given ``text`` into the text field identified by ``locator``.</doc>
<msg timestamp="20220421 01:10:00.843" level="INFO">Typing text '0820567554' into text field '//*[@id="tel"]'.</msg>
<status status="PASS" starttime="20220421 01:10:00.842" endtime="20220421 01:10:01.021"/>
</kw>
<kw name="Input Text" library="Selenium2Library">
<arg>${textbox_addr}</arg>
<arg>ะผกเาวะกผย่ืวกผิเวทผกิเนว่ทผกิดงสทกสทดิาทก้ิน่ทากดาดิ่อ่ด่ดำรดแแรไก่ก่ก่ดดเด่พำระพะรำไไนำนไพนรไเพรอืแหแปผปิสทกสปด้ทสทิสกทสปทแปดเสิทกิดสทปสดิทสหกทด้ิสทกาเด้ทืาาสาหกาฟแนีาไนรแฟแส้่ืไดแก้เฟแกฟกแด้แกแไก้หด</arg>
<doc>Types the given ``text`` into the text field identified by ``locator``.</doc>
<msg timestamp="20220421 01:10:01.023" level="INFO">Typing text 'ะผกเาวะกผย่ืวกผิเวทผกิเนว่ทผกิดงสทกสทดิาทก้ิน่ทากดาดิ่อ่ด่ดำรดแแรไก่ก่ก่ดดเด่พำระพะรำไไนำนไพนรไเพรอืแหแปผปิสทกสปด้ทสทิสกทสปทแปดเสิทกิดสทปสดิทสหกทด้ิสทกาเด้ทืาาสาหกาฟแนีาไนรแฟแส้่ืไดแก้เฟแกฟกแด้แกแไก้หด' into text field '//*[@id="addr"]'.</msg>
<status status="PASS" starttime="20220421 01:10:01.022" endtime="20220421 01:10:01.603"/>
</kw>
<kw name="Click Element" library="Selenium2Library">
<arg>${button_order}</arg>
<doc>Click the element identified by ``locator``.</doc>
<msg timestamp="20220421 01:10:01.604" level="INFO">Clicking element '//*[@id="order"]'.</msg>
<status status="PASS" starttime="20220421 01:10:01.604" endtime="20220421 01:10:01.665"/>
</kw>
<kw name="Sleep" library="BuiltIn">
<arg>5s</arg>
<doc>Pauses the test executed for the given time.</doc>
<msg timestamp="20220421 01:10:06.680" level="INFO">Slept 5 seconds</msg>
<status status="PASS" starttime="20220421 01:10:01.666" endtime="20220421 01:10:06.680"/>
</kw>
<kw name="Title Should Be" library="Selenium2Library">
<arg>Cart</arg>
<doc>Verifies that the current page title equals ``title``.</doc>
<msg timestamp="20220421 01:10:06.692" level="INFO">Page title is 'Cart'.</msg>
<status status="PASS" starttime="20220421 01:10:06.681" endtime="20220421 01:10:06.693"/>
</kw>
<kw name="Close Browser" library="Selenium2Library" type="TEARDOWN">
<doc>Closes the current browser.</doc>
<status status="PASS" starttime="20220421 01:10:06.694" endtime="20220421 01:10:08.900"/>
</kw>
<tag>fail-case</tag>
<status status="PASS" starttime="20220421 01:09:48.842" endtime="20220421 01:10:08.901"/>
</test>
<test id="s1-t84" name="T0084 ใส่ที่อยู่เป็นตัวอักษรจำนวน220ตัว" line="1352">
<kw name="Open Browser" library="Selenium2Library">
<arg>${url_form}</arg>
<arg>chrome</arg>
<doc>Opens a new browser instance to the optional ``url``.</doc>
<msg timestamp="20220421 01:10:08.909" level="INFO">Opening browser 'chrome' to base url 'http://localhost:3000/cart'.</msg>
<status status="PASS" starttime="20220421 01:10:08.908" endtime="20220421 01:10:11.239"/>
</kw>
<kw name="Sleep" library="BuiltIn">
<arg>3s</arg>
<doc>Pauses the test executed for the given time.</doc>
<msg timestamp="20220421 01:10:14.246" level="INFO">Slept 3 seconds</msg>
<status status="PASS" starttime="20220421 01:10:11.240" endtime="20220421 01:10:14.246"/>
</kw>
<kw name="Click Element" library="Selenium2Library">
<arg>${button_buy}</arg>
<doc>Click the element identified by ``locator``.</doc>
<msg timestamp="20220421 01:10:14.248" level="INFO">Clicking element '//*[@id="buy"]'.</msg>
<status status="PASS" starttime="20220421 01:10:14.247" endtime="20220421 01:10:14.354"/>
</kw>
<kw name="Sleep" library="BuiltIn">
<arg>3s</arg>
<doc>Pauses the test executed for the given time.</doc>
<msg timestamp="20220421 01:10:17.359" level="INFO">Slept 3 seconds</msg>
<status status="PASS" starttime="20220421 01:10:14.355" endtime="20220421 01:10:17.359"/>
</kw>
<kw name="Click Element" library="Selenium2Library">
<arg>${button_oncash}</arg>
<doc>Click the element identified by ``locator``.</doc>
<msg timestamp="20220421 01:10:17.361" level="INFO">Clicking element '//*[@id="oncash"]'.</msg>
<status status="PASS" starttime="20220421 01:10:17.360" endtime="20220421 01:10:17.572"/>
</kw>
<kw name="Sleep" library="BuiltIn">
<arg>3s</arg>
<doc>Pauses the test executed for the given time.</doc>
<msg timestamp="20220421 01:10:20.586" level="INFO">Slept 3 seconds</msg>
<status status="PASS" starttime="20220421 01:10:17.573" endtime="20220421 01:10:20.586"/>
</kw>
<kw name="Input Text" library="Selenium2Library">
<arg>${textbox_name}</arg>
<arg>จุฑารัตน์</arg>
<doc>Types the given ``text`` into the text field identified by ``locator``.</doc>
<msg timestamp="20220421 01:10:20.595" level="INFO">Typing text 'จุฑารัตน์' into text field '//*[@id="name"]'.</msg>
<status status="PASS" starttime="20220421 01:10:20.594" endtime="20220421 01:10:20.756"/>
</kw>
<kw name="Input Text" library="Selenium2Library">
<arg>${textbox_surname}</arg>
<arg>ดอนแสง</arg>
<doc>Types the given ``text`` into the text field identified by ``locator``.</doc>
<msg timestamp="20220421 01:10:20.758" level="INFO">Typing text 'ดอนแสง' into text field '//*[@id="surname"]'.</msg>
<status status="PASS" starttime="20220421 01:10:20.757" endtime="20220421 01:10:20.864"/>
</kw>
<kw name="Input Text" library="Selenium2Library">
<arg>${textbox_tel}</arg>
<arg>0820567554</arg>
<doc>Types the given ``text`` into the text field identified by ``locator``.</doc>
<msg timestamp="20220421 01:10:20.865" level="INFO">Typing text '0820567554' into text field '//*[@id="tel"]'.</msg>
<status status="PASS" starttime="20220421 01:10:20.865" endtime="20220421 01:10:20.975"/>
</kw>
<kw name="Input Text" library="Selenium2Library">
<arg>${textbox_addr}</arg>
<arg>ะผกเาวะกผย่ืวกผิเวทผกิเนว่ทผกิดงสทกสทดิาทก้ิน่ทากดาดิ่อ่ด่ดำรดแแรไก่ก่ก่ดดเด่พำระพะรำไไนำนไพนรไเพรอืแหแปผปิสทกสปด้ทสทิสกทสปทแปดเสิทกิดสเเเเเเเเเเเเเเเเเเเเเฟแนีาไนรแฟแส้่ืไดแก้เฟแกฟกแด้แกแไก้่เเเเเเเเเเเเเเเเเเเเเเเเเเเเ</arg>
<doc>Types the given ``text`` into the text field identified by ``locator``.</doc>
<msg timestamp="20220421 01:10:20.976" level="INFO">Typing text 'ะผกเาวะกผย่ืวกผิเวทผกิเนว่ทผกิดงสทกสทดิาทก้ิน่ทากดาดิ่อ่ด่ดำรดแแรไก่ก่ก่ดดเด่พำระพะรำไไนำนไพนรไเพรอืแหแปผปิสทกสปด้ทสทิสกทสปทแปดเสิทกิดสเเเเเเเเเเเเเเเเเเเเเฟแนีาไนรแฟแส้่ืไดแก้เฟแกฟกแด้แกแไก้่เเเเเเเเเเเเเเเเเเเเเเเเเเเเ' into text field '//*[@id="addr"]'.</msg>
<status status="PASS" starttime="20220421 01:10:20.976" endtime="20220421 01:10:21.586"/>
</kw>
<kw name="Click Element" library="Selenium2Library">
<arg>${button_order}</arg>
<doc>Click the element identified by ``locator``.</doc>
<msg timestamp="20220421 01:10:21.588" level="INFO">Clicking element '//*[@id="order"]'.</msg>
<status status="PASS" starttime="20220421 01:10:21.587" endtime="20220421 01:10:21.659"/>
</kw>
<kw name="Sleep" library="BuiltIn">
<arg>5s</arg>
<doc>Pauses the test executed for the given time.</doc>
<msg timestamp="20220421 01:10:26.669" level="INFO">Slept 5 seconds</msg>
<status status="PASS" starttime="20220421 01:10:21.660" endtime="20220421 01:10:26.669"/>
</kw>
<kw name="Title Should Be" library="Selenium2Library">
<arg>Cart</arg>
<doc>Verifies that the current page title equals ``title``.</doc>
<msg timestamp="20220421 01:10:26.681" level="INFO">Page title is 'Cart'.</msg>
<status status="PASS" starttime="20220421 01:10:26.670" endtime="20220421 01:10:26.681"/>
</kw>
<kw name="Close Browser" library="Selenium2Library" type="TEARDOWN">
<doc>Closes the current browser.</doc>
<status status="PASS" starttime="20220421 01:10:26.682" endtime="20220421 01:10:28.871"/>
</kw>
<tag>fail-case</tag>
<status status="PASS" starttime="20220421 01:10:08.904" endtime="20220421 01:10:28.872"/>
</test>
<status status="PASS" starttime="20220421 00:42:58.790" endtime="20220421 01:10:28.881"/>
</suite>
<statistics>
<total>
<stat pass="84" fail="0" skip="0">All Tests</stat>
</total>
<tag>
<stat pass="56" fail="0" skip="0">fail-case</stat>
<stat pass="28" fail="0" skip="0">successful-case</stat>
</tag>
<suite>
<stat pass="84" fail="0" skip="0" id="s1" name="Test-Form">Test-Form</stat>
</suite>
</statistics>
<errors>
</errors>
</robot>
